20220909	03:32:06	3f0a478e-6eb2-40ea-9244-67c0cbdf74ec	OPTIONS	/	https://www.google.com
20220909	03:32:06	5da312da-fe29-41e5-a293-4643d0e391e0	GET	/	https://www.google.com
20220909	04:56:21	6c5e0ea6-faa3-429c-a8be-6071c95ab73d	GET	/api/users	undefined
20220909	04:59:00	e2012a77-8608-4e0e-9d93-a1c8a835c0db	GET	/api/users	undefined
20220909	05:02:04	a30c9292-5d80-4081-aa6d-18c907e0087c	GET	/api/users	undefined
20220909	05:02:06	91eca6ec-bee9-4be3-a21f-1a7910d58aaf	GET	/api/users	undefined
20220909	05:02:08	094a99de-c1c0-458a-851e-954a0c1397cf	GET	/api/users	undefined
20220909	05:02:09	015d9f8d-bdd2-4756-85c5-b1e0b2ab1e1c	GET	/api/users	undefined
20220909	05:02:57	ba097925-ac40-40e8-9588-037e36eb8d86	POST	/api/users	undefined
20220909	05:02:58	fda84ab7-5b9d-44a4-af88-78b8d8822582	POST	/api/users	undefined
20220909	05:03:01	b66dae14-8dd0-441b-9389-288391ec15fa	POST	/api/users	undefined
20220909	05:03:02	8413f496-83b0-434c-a630-d11116d80d1a	POST	/api/users	undefined
20220909	05:03:04	a50dc094-dc29-4158-9a13-a9ca0623b601	POST	/api/users	undefined
20220909	05:04:18	4add3b86-9f4b-4ffb-9254-e39352ee6483	POST	/api/users	undefined
20220909	05:04:19	65cc7132-c023-4054-aea3-2b8897c78a5f	POST	/api/users	undefined
20220909	05:05:48	ce609229-3e30-4bb3-b8cd-4920184c79b0	POST	/api/users	undefined
20220909	05:05:58	aab7524e-1427-49a0-ba41-f8476acbcd6a	POST	/api/users	undefined
20220909	05:06:15	75042a6e-ee60-4357-af21-9a388a3948c2	POST	/api/users	undefined
20220909	05:14:49	8b0b2786-5375-4e13-a5be-c314867ecb71	POST	/api/users	undefined
20220909	05:14:51	5027283d-b9ea-494a-a0e1-fa476e38b635	POST	/api/users	undefined
20220909	05:18:25	a481a46c-bbc1-4815-b3d4-2322e2a32d8a	POST	/api/users	undefined
20220909	05:18:35	c3bbb862-a35b-4291-afeb-4ccf5c64ea11	GET	/api/users	undefined
20220909	05:19:02	57c7a79b-ba96-46a9-b664-422ab20f8f41	GET	/api/users	undefined
20220909	05:19:08	e0c0baec-36cd-4a56-a6b3-a146bfc77505	POST	/api/users	undefined
20220909	05:19:10	9ff6778b-de39-4307-a97e-1b12e69fc3d7	POST	/api/users	undefined
20220909	05:19:14	61c532fb-b4e2-400b-b7b3-b990d367432e	POST	/api/users	undefined
20220909	05:19:21	f4708302-d2e4-4025-9170-82453bbc7aca	POST	/api/users	undefined
20220909	05:19:28	0ded6ea2-0580-4479-bffe-3896a41acbb4	POST	/api/users	undefined
20220909	05:19:33	648c6edf-614b-4a3a-81e6-afbe4232c04e	POST	/api/users	undefined
20220909	05:19:40	36ea039d-7d9b-447f-ba01-f9e1e5060b34	POST	/api/users	undefined
20220909	05:19:45	aac89096-ce2d-4669-a5d5-fc10392fa667	GET	/api/users	undefined
20220909	05:23:38	6fb20670-d261-4002-a8c4-39ba82d7e295	DELETE	/api/users	undefined
20220909	05:23:58	fe34fc33-b032-45fb-aab1-987595601c35	DELETE	/api/users	undefined
20220909	05:24:28	a2879df2-720e-4c98-a2df-b0de07c68a3e	DELETE	/api/users	undefined
20220909	05:24:46	e3cf9785-0a77-4134-8f99-386aef610216	DELETE	/api/users	undefined
20220909	05:24:51	9c8c9a52-6f5d-4678-9cf5-a64c5cb91580	GET	/api/users	undefined
20220909	05:25:01	fe40f9e6-2e2c-427a-aadf-f2117994bff2	DELETE	/api/users	undefined
20220909	05:25:41	1db84b22-7ff3-4d83-9f5a-a65a0becba7e	GET	/api/users	undefined
20220909	05:28:58	9ee42ec2-e3b7-42cc-b4bc-868df487cfa8	DELETE	/api/users	undefined
20220909	05:29:30	f249d45d-3d17-41d4-a663-de865931eba3	GET	/api/users	undefined
20220909	05:29:44	ab60395a-d8e2-42b7-a2fe-2f0c97f53d10	GET	/api/users	undefined
20220909	05:29:48	81acfd6a-1e41-42fe-9806-94bd762a4b05	GET	/api/users	undefined
20220909	05:29:50	24ef22bc-cfb2-4fc9-8888-00a3848118dc	GET	/api/users	undefined
20220909	05:29:54	d3cdfb0a-9eeb-4ebc-8a4c-3dbca82a7101	GET	/api/users	undefined
20220909	05:30:11	80a728c2-d45b-4b6d-85ab-c49297412395	GET	/api/users	undefined
20220909	05:30:18	c92ed141-caca-4912-b7e3-d0d1bda7cd90	POST	/api/users	undefined
20220909	05:30:23	13b172a1-fbc9-48d9-97db-fd20ee0bc809	POST	/api/users	undefined
20220909	05:30:27	8b51839e-7267-4885-8052-42d256eed472	POST	/api/users	undefined
20220909	05:30:30	4c427607-433e-4a6e-a811-b4276d8a616a	POST	/api/users	undefined
20220909	05:30:38	6aba896c-120b-48bc-9cab-dd9ba25681e4	POST	/api/users	undefined
20220909	05:30:42	c1155a21-faa2-4a6d-ba95-21979ae1046a	POST	/api/users	undefined
20220910	01:38:21	3e544448-6a46-49a0-a860-bd6c62979895	POST	/api/users	undefined
20220910	01:39:25	62f25d07-2ba5-4f18-b7fc-093779851b78	POST	/api/users	undefined
20220910	01:40:45	b3e248c8-d41c-493c-b958-0904188da2d2	POST	/api/users	undefined
20220910	01:42:29	f8a1612d-906e-48f9-ba36-6267d03faeb9	POST	/api/users	undefined
20220910	01:45:48	a96f98c8-fa74-4bb2-b590-db6a5c34a1b7	POST	/api/users	undefined
20220910	01:47:05	a1fc8ee9-891d-4755-a734-8a9600d08f4f	POST	/api/users	undefined
20220910	01:47:37	31595b66-897d-40d9-a9ff-eb82c06b7e96	POST	/api/users	undefined
20220910	01:48:25	fbd81dad-966e-45ba-88c5-21ab0cda978e	OPTIONS	/users	http://localhost:3000
20220910	01:48:25	f1565a5a-ccd6-40f7-9b95-1ea54a0bc909	POST	/users	http://localhost:3000
20220910	01:48:25	caa0897e-1872-4658-b6c1-d1557b3cd55b	POST	/users	http://localhost:3000
20220910	01:48:25	b3bf3850-5828-4163-aac2-cb1215a92dd4	POST	/users	http://localhost:3000
20220910	01:48:25	bcca20dc-d56e-4351-9495-1e0c0e76a464	POST	/users	http://localhost:3000
20220910	01:48:25	435c6d07-7e57-43e0-9ded-3cc3112d375b	POST	/users	http://localhost:3000
20220910	01:48:25	dbf4b4c2-915a-420f-b19c-eef29de9bc23	POST	/users	http://localhost:3000
20220910	01:48:25	3a9ed154-db48-4741-a1b9-30aeef875f9f	POST	/users	http://localhost:3000
20220910	01:49:15	c057100a-0bec-4605-8e86-6c6e67a12345	GET	/users	undefined
20220910	01:49:15	47a81683-730d-4237-9ee5-3f9e8aae7416	GET	/css/error.css	undefined
20220910	01:49:16	fb0eba52-3b1d-4750-9102-98e4018d9aef	GET	/favicon.ico	undefined
20220910	01:51:02	617b0235-0d84-4e1d-a560-5155e2ffd6ea	OPTIONS	/api/users	http://localhost:3000
20220910	01:51:02	5d68dd5c-e350-408a-adde-9c08bc9c9be8	POST	/api/users	http://localhost:3000
20220910	01:51:02	41e4bcce-cdac-4d80-81c5-b24a2bb6cddd	POST	/api/users	http://localhost:3000
20220910	01:51:02	6df2848a-efcc-436c-bb6b-9b06b578ac61	POST	/api/users	http://localhost:3000
20220910	01:51:02	ae346820-ef58-4447-8e6e-5716770ea82c	POST	/api/users	http://localhost:3000
20220910	01:51:02	d23cd4a6-1e36-4a83-a5ea-3bfc1756de9a	POST	/api/users	http://localhost:3000
20220910	01:51:02	40724e8b-5577-4786-b59d-4afb2dca6030	POST	/api/users	http://localhost:3000
20220910	01:51:02	15782957-d2ee-4630-bcfb-5702547dc5bb	POST	/api/users	http://localhost:3000
20220910	01:57:49	ce48bc84-521b-4384-a146-982427edd82c	OPTIONS	/api/users	http://localhost:3000
20220910	01:57:49	1f838f24-2303-4a56-b563-1fa853ca40a0	OPTIONS	/api/users	http://localhost:3000
20220910	01:57:49	ffd63994-7fd1-4b93-9f40-a8e20b1dd133	OPTIONS	/api/users	http://localhost:3000
20220910	01:57:49	fc3a3a76-ed9b-4e37-baf6-a94da029d286	OPTIONS	/api/users	http://localhost:3000
20220910	01:57:49	cc33c418-994e-466e-96a9-0a37442f6adc	OPTIONS	/api/users	http://localhost:3000
20220910	01:57:49	8bfc3a6b-379e-4370-bff4-493cc290686b	OPTIONS	/api/users	http://localhost:3000
20220910	01:57:49	1812bfe9-c7d5-46de-b817-9cb40f8b1edd	POST	/api/users	http://localhost:3000
20220910	01:57:49	13306865-8937-4f15-b8c8-c2c5c52fe7f1	POST	/api/users	http://localhost:3000
20220910	01:57:49	2c884449-7087-4e18-a7fe-8bce5bdaa38d	POST	/api/users	http://localhost:3000
20220910	01:57:49	fda50bfa-0cc4-430d-92de-2ea4f21d8559	POST	/api/users	http://localhost:3000
20220910	01:57:49	05157165-a610-425d-b906-cd2634978773	POST	/api/users	http://localhost:3000
20220910	01:57:49	3af1ead6-c433-47c4-85ec-a4f7d51a9d15	POST	/api/users	http://localhost:3000
20220910	01:57:49	18dcbce3-99f8-4854-95b0-dba0c3e12501	POST	/api/users	http://localhost:3000
20220910	01:57:49	bbdd3174-5b26-43da-8781-587d251eb50b	POST	/api/users	http://localhost:3000
20220910	02:00:33	87e18351-8f08-43ed-92f9-c05a639621c0	OPTIONS	/api/users	http://localhost:3000
20220910	02:00:33	d85f5455-a04e-4a8b-afb7-070bd075dd05	POST	/api/users	http://localhost:3000
20220910	02:00:33	eec1f92a-fe79-402b-8b78-3a4d6513f495	POST	/api/users	http://localhost:3000
20220910	02:00:33	c8cf9b2b-3254-4eec-b96e-4297c9bde79d	POST	/api/users	http://localhost:3000
20220910	02:00:33	19c057ae-af35-40ab-a3cd-4a74ae497c8b	POST	/api/users	http://localhost:3000
20220910	02:00:33	cdec0bdb-adba-49a0-a8c8-e342c88e715d	POST	/api/users	http://localhost:3000
20220910	02:00:33	e2ecb2bb-29e3-4aad-a226-c3b7e58af221	POST	/api/users	http://localhost:3000
20220910	02:00:33	654b44b5-9d37-4818-a9a5-ae20dfec668a	POST	/api/users	http://localhost:3000
20220910	02:00:33	8d9436bb-0f5b-4492-94bc-317e8fea5361	POST	/api/users	http://localhost:3000
20220910	02:04:08	0dd52604-9288-4d82-8f53-46f8678f4b70	OPTIONS	/api/users	http://localhost:3000
20220910	02:04:08	61b27675-2e55-42ea-a54a-f5b62d66677f	POST	/api/users	http://localhost:3000
20220910	02:04:08	daf9c2dd-f6fe-4eca-b2ea-2b6f4ada462c	POST	/api/users	http://localhost:3000
20220910	02:04:08	c3280a5a-c90a-4c30-a029-ddb20d9a9039	POST	/api/users	http://localhost:3000
20220910	02:04:08	8162602b-f83e-448e-9529-7d2fc6e34b5a	POST	/api/users	http://localhost:3000
20220910	02:04:08	ce793e88-d126-4db0-9fdc-d545446879d3	POST	/api/users	http://localhost:3000
20220910	02:04:08	65aa107c-228b-4688-b5ca-40bce7411bce	POST	/api/users	http://localhost:3000
20220910	02:04:09	d8288873-b479-4848-a72e-08a09cd9887e	POST	/api/users	http://localhost:3000
20220910	02:04:09	fe622d53-eedd-4aa9-8be4-be855bd75af4	POST	/api/users	http://localhost:3000
20220910	02:04:52	aa4d6277-738e-48a6-9464-87d949301cb0	OPTIONS	/api/users	http://localhost:3000
20220910	02:04:52	b96ce0ac-0efc-42a7-8cf5-de58046c1c8e	POST	/api/users	http://localhost:3000
20220910	02:04:52	6136b695-1cbf-421d-bf8d-a3e23e394331	POST	/api/users	http://localhost:3000
20220910	02:04:52	c6425636-1f39-49b9-a2ca-c1939a3ea2fa	POST	/api/users	http://localhost:3000
20220910	02:04:52	fb4342f0-ef1c-461c-9e7d-6aeda8faffa8	POST	/api/users	http://localhost:3000
20220910	02:04:52	5bc4aa4e-9d93-4300-8d83-b91034f16133	POST	/api/users	http://localhost:3000
20220910	02:04:52	04454cbc-eb94-4805-848b-fb9ac4eff1b9	POST	/api/users	http://localhost:3000
20220910	02:04:53	9498075e-46f2-4ffb-a834-67fa7be460e4	POST	/api/users	http://localhost:3000
20220910	02:04:53	32f70d4f-1dcd-4eb4-bed7-8b8287f392ad	POST	/api/users	http://localhost:3000
20220910	02:06:26	394c6565-da97-43f3-8bdc-0bcd2e3b9852	OPTIONS	/api/users	http://localhost:3000
20220910	02:06:26	2b0fc712-c406-4692-811a-653313373594	POST	/api/users	http://localhost:3000
20220910	02:06:26	6e4105b0-43a2-4fd0-9090-2c6321f195cc	POST	/api/users	http://localhost:3000
20220910	02:06:26	517f12ef-1cad-4d60-abbd-5696da6d632a	POST	/api/users	http://localhost:3000
20220910	02:06:26	b93dd58c-29f7-4854-a2f3-e8c08b2a47d6	POST	/api/users	http://localhost:3000
20220910	02:06:26	851f5980-7cd2-4b1f-9330-30d72c64901d	POST	/api/users	http://localhost:3000
20220910	02:06:26	906ee4f0-2e98-491d-90fe-191fa3101e51	POST	/api/users	http://localhost:3000
20220910	02:06:27	3119d836-3434-4e22-ad56-069dae75aff9	POST	/api/users	http://localhost:3000
20220910	02:06:27	78b2531b-de85-41e9-9790-6a32b4ef1125	POST	/api/users	http://localhost:3000
20220910	02:06:37	359bde65-f883-4699-b429-aaa5094bf10b	GET	/api/users	undefined
20220910	02:19:14	f7ec0949-89c1-4447-8130-21f78e941cd7	GET	/css/error.css	undefined
20220910	02:19:19	46a5aa57-fcef-4757-8806-576f427bfd0c	GET	/users	undefined
20220910	02:19:19	80a196cb-4907-45bd-99db-3683b4ba92c2	GET	/css/error.css	undefined
20220910	02:19:25	cdb36c0f-7654-4bbb-9bb8-b41f39e225f4	GET	/api/users	undefined
20220910	02:20:08	c1d570e8-f867-4745-8d44-4aa70245f104	GET	/api/users	undefined
20220910	02:23:01	21fe500d-8a81-4b3e-b06c-0bc78dcd1c93	OPTIONS	/api/users	https://career-olympiad-bangladesh.netlify.app
20220910	02:23:46	51a5a410-9ea2-43c5-9de4-2a3821dac6be	OPTIONS	/api/users	https://career-olympiad-bangladesh.netlify.app
20220910	02:23:46	54f18ffc-16b7-4950-897d-b7e9e560390c	POST	/api/users	https://career-olympiad-bangladesh.netlify.app
20220910	02:27:18	9111782c-839d-4316-b1ac-5294208a7370	OPTIONS	/api/users	http://localhost:3000
20220910	02:27:18	9abbb051-3a45-4d20-a450-31745f42b513	OPTIONS	/api/users	http://localhost:3000
20220910	02:27:18	7fc15400-c831-4414-bd6e-99c64b375f5a	OPTIONS	/api/users	http://localhost:3000
20220910	02:27:18	cafad60e-9f6c-429b-9a04-bb140e82eef0	OPTIONS	/api/users	http://localhost:3000
20220910	02:27:18	1db3b79f-01c2-43a1-b026-8c9866014242	OPTIONS	/api/users	http://localhost:3000
20220910	02:27:18	d51f9aaf-1093-45a2-a37c-1d83efa9c779	OPTIONS	/api/users	http://localhost:3000
20220910	02:27:18	0954ec13-1f3e-43ff-99e4-6bb7a1df4b16	OPTIONS	/api/users	http://localhost:3000
20220910	02:27:18	31bfdfbd-dc64-4a3c-9024-c6edb3a266b9	OPTIONS	/api/users	http://localhost:3000
20220910	02:27:18	c68a280a-7cca-48a6-817f-3b64ebe1e202	POST	/api/users	http://localhost:3000
20220910	02:27:19	12669a23-eedb-4697-9bd6-0b3a961646e3	POST	/api/users	http://localhost:3000
20220910	02:27:19	fc4f4c10-f845-412a-a784-c05298c9a8ac	POST	/api/users	http://localhost:3000
20220910	02:27:19	ced05ed8-d7a2-4474-aadf-441b4f06452b	POST	/api/users	http://localhost:3000
20220910	02:27:18	bc5e87da-b758-4325-87cd-668d4595a770	POST	/api/users	http://localhost:3000
20220910	02:27:19	69ac065b-5131-4a75-8377-3b496d0dcf5b	POST	/api/users	http://localhost:3000
20220910	02:27:19	f96b14a0-23ff-414e-aeb9-a275a187304f	POST	/api/users	http://localhost:3000
20220910	02:27:19	44280ce9-06cd-47f6-b3d5-f4540254f273	POST	/api/users	http://localhost:3000
20220910	02:35:54	b6d2866f-2bbe-4169-822d-0e28f0b0f04f	OPTIONS	/api/users	https://career-olympiad-bangladesh.netlify.app
20220910	02:35:54	659ca584-3774-4ad6-8f6c-48438e84d509	OPTIONS	/api/users	https://career-olympiad-bangladesh.netlify.app
20220910	02:35:54	70156f43-3f41-499f-99c3-c3567faf2aa2	OPTIONS	/api/users	https://career-olympiad-bangladesh.netlify.app
20220910	02:35:54	3878dbd9-b5b9-4ab8-adc2-6d9566974d00	OPTIONS	/api/users	https://career-olympiad-bangladesh.netlify.app
20220910	02:35:54	72839231-75a3-40a2-8693-212d2e33dfd3	OPTIONS	/api/users	https://career-olympiad-bangladesh.netlify.app
20220910	02:35:54	e4fc7a70-968c-4d35-9bbc-2f08bb3a245d	OPTIONS	/api/users	https://career-olympiad-bangladesh.netlify.app
20220910	02:35:54	dccedd51-6338-43a8-9206-9bc927de645a	POST	/api/users	https://career-olympiad-bangladesh.netlify.app
20220910	02:35:54	f70f37e8-afcd-4c62-9c9d-bd9bc1c3ffc5	POST	/api/users	https://career-olympiad-bangladesh.netlify.app
20220910	02:35:54	4dc95e05-bea0-4a26-ae61-24822ba84aaa	POST	/api/users	https://career-olympiad-bangladesh.netlify.app
20220910	02:35:54	8f2c1b0a-6288-4b55-8e47-ca95b1612cc1	POST	/api/users	https://career-olympiad-bangladesh.netlify.app
20220910	02:35:54	f32a9acf-870f-4c75-b864-48560c911934	POST	/api/users	https://career-olympiad-bangladesh.netlify.app
20220910	02:35:54	5dfdc502-10de-4bf0-b772-9b91f8dffc7e	POST	/api/users	https://career-olympiad-bangladesh.netlify.app
20220910	02:35:55	a8741451-f2b6-4921-b29f-a142067c78f7	POST	/api/users	https://career-olympiad-bangladesh.netlify.app
20220910	02:35:55	3d70869d-f5f4-4b26-9299-360f670c52f9	POST	/api/users	https://career-olympiad-bangladesh.netlify.app
20220910	02:36:20	6eb39d02-a42f-45ef-a7b8-0e86ca34f4ec	OPTIONS	/api/users	https://career-olympiad-bangladesh.netlify.app
20220910	02:36:20	8f0cd472-0e85-48ee-9414-6a5aabcc3897	POST	/api/users	https://career-olympiad-bangladesh.netlify.app
20220910	02:36:20	622aed07-aca2-4340-9390-2322a793b700	POST	/api/users	https://career-olympiad-bangladesh.netlify.app
20220910	02:36:20	8022e1e3-0010-4c48-a2b0-a13f5f695b56	POST	/api/users	https://career-olympiad-bangladesh.netlify.app
20220910	02:36:20	6f556df7-fa04-4e17-9542-3c934b368a37	POST	/api/users	https://career-olympiad-bangladesh.netlify.app
20220910	02:36:20	9a001056-a4c6-4f00-9405-9426db388c6d	POST	/api/users	https://career-olympiad-bangladesh.netlify.app
20220910	02:36:20	496903e9-32d4-474c-b988-758296a1f233	POST	/api/users	https://career-olympiad-bangladesh.netlify.app
20220910	02:36:20	dee231b1-953e-4dc7-96f4-c862dd8e6946	POST	/api/users	https://career-olympiad-bangladesh.netlify.app
20220910	02:36:20	72387aaf-fb0c-4b7e-9f95-3a09245f8f2d	POST	/api/users	https://career-olympiad-bangladesh.netlify.app
20220910	02:36:40	a9e2952e-b6f3-48fc-9ed4-c7035b5c0444	OPTIONS	/api/users	https://career-olympiad-bangladesh.netlify.app
20220910	02:36:40	93333e9b-142a-43f6-acec-42818556afea	POST	/api/users	https://career-olympiad-bangladesh.netlify.app
20220910	02:36:40	6db862c1-4020-4201-a942-2d9beee611a1	POST	/api/users	https://career-olympiad-bangladesh.netlify.app
20220910	02:36:40	5952527a-8b61-4b25-b364-45abd223ddd4	POST	/api/users	https://career-olympiad-bangladesh.netlify.app
20220910	02:36:40	61be2e2e-6c8f-400d-80bf-26e2b38ed68c	POST	/api/users	https://career-olympiad-bangladesh.netlify.app
20220910	02:36:40	951a6f2f-5dcc-4805-bb4c-a4ac1ed2d9c1	POST	/api/users	https://career-olympiad-bangladesh.netlify.app
20220910	02:36:40	459c0a1c-740c-4e39-bde2-a0d25ff26ee3	POST	/api/users	https://career-olympiad-bangladesh.netlify.app
20220910	02:36:41	570c1b0d-16f9-4f0a-a402-60ab62173193	POST	/api/users	https://career-olympiad-bangladesh.netlify.app
20220910	02:36:41	2fd4d9eb-9802-405b-bd12-6c6dd65c2ab8	POST	/api/users	https://career-olympiad-bangladesh.netlify.app
20220911	21:17:44	dfe7427c-4482-4ed5-8748-e980daf019e8	OPTIONS	/api/users	http://localhost:3000
20220911	21:17:44	865e69cd-abff-4fb8-a87e-a00319d1b6a5	POST	/api/users	http://localhost:3000
20220911	21:17:51	727edbb2-186b-4836-be54-f0ff29cc14dc	OPTIONS	/api/users	http://localhost:3000
20220911	21:17:51	63e6a116-08e0-468c-b3bb-c7e5de00b4be	POST	/api/users	http://localhost:3000
20220911	21:19:37	0d9e9489-9445-4afe-9481-a5e4c8cab6cc	POST	/api/users	undefined
20220911	21:19:42	adff1861-1ce2-4f0a-bcf1-b4074d741e8d	GET	/api/users	undefined
20220911	23:05:03	7b37c26c-0e77-4566-a33e-29f7bafcfaed	OPTIONS	/api/users	http://localhost:3000
20220911	23:05:03	08a20b00-6faa-453f-b33a-93ba6c702e38	POST	/api/users	http://localhost:3000
20220911	23:05:11	fb90d08d-1806-4be3-bc9f-a29568d4ead9	OPTIONS	/api/users	http://localhost:3000
20220911	23:05:11	78aab846-29aa-4057-8718-f3b3a489d78c	POST	/api/users	http://localhost:3000
20220911	23:05:47	5f21f2d0-a0c1-4c8e-a637-bcd223012b8c	OPTIONS	/api/users	http://localhost:3000
20220911	23:05:47	d7d1ec66-9d8c-454b-8cdd-8f1fa0ddc4be	POST	/api/users	http://localhost:3000
20220911	23:06:09	9413969b-d4b0-4138-ae45-513ce165937f	OPTIONS	/api/users	http://localhost:3000
20220911	23:06:09	3fe9d91d-3075-433f-b18b-5c22217d6374	POST	/api/users	http://localhost:3000
20220911	23:06:14	3e9e9868-1c67-46a2-8395-28caf485f04b	POST	/api/users	http://localhost:3000
20220911	23:06:31	e5381707-930f-43f1-b59b-f11eb58776c9	OPTIONS	/api/users	http://localhost:3000
20220911	23:06:31	c8a4e4be-cfae-4094-a9c6-dce9ce5721c1	POST	/api/users	http://localhost:3000
20220911	23:06:39	16a47ef5-9fe6-42ab-9740-212fecab668c	OPTIONS	/api/users	http://localhost:3000
20220911	23:06:39	11f9104d-874c-4cc7-9921-46ffc9be14ce	POST	/api/users	http://localhost:3000
20220911	23:06:50	4ec5fe20-2d51-4155-bf94-6c6cb9662696	OPTIONS	/api/users	http://localhost:3000
20220911	23:06:50	5e893611-b74d-4fac-9ac4-38e6622484e4	POST	/api/users	http://localhost:3000
20220911	23:07:00	8b8d9119-aae9-46d2-b5af-e66a29954b28	OPTIONS	/api/users	http://localhost:3000
20220911	23:07:00	a4d608f5-0ce3-4a00-9ccc-f6739b00c8e5	POST	/api/users	http://localhost:3000
20220911	23:07:22	2a8dc2c4-2c59-486b-8841-e064446ea855	OPTIONS	/api/users	http://localhost:3000
20220911	23:07:22	27d56018-487d-4c64-a8c3-90546f851a99	POST	/api/users	http://localhost:3000
20220911	23:07:36	a28ab5e5-639d-49e4-a413-a501db65405c	OPTIONS	/api/users	http://localhost:3000
20220911	23:07:36	17cde279-d1d9-48ba-83f2-48c425ca9069	POST	/api/users	http://localhost:3000
20220911	23:07:45	5ba2c8d4-6525-42af-8b7d-2a03635985dd	OPTIONS	/api/users	http://localhost:3000
20220911	23:07:45	76050d28-bd4b-4507-bbc2-96c05330bd6e	POST	/api/users	http://localhost:3000
20220911	23:07:56	3d95adb6-ab4f-4a24-8aa8-ca71437d2a27	OPTIONS	/api/users	http://localhost:3000
20220911	23:07:56	79274526-7ed6-4e70-8001-beaaf29af47f	POST	/api/users	http://localhost:3000
20220911	23:09:54	ca5b67b8-ac8e-4d16-ad56-f56afb7b03c5	OPTIONS	/api/users	http://localhost:3000
20220911	23:09:54	e5c1513a-8f94-4562-a801-453278f0ff10	POST	/api/users	http://localhost:3000
20220911	23:10:31	1199f917-a969-4397-ab1e-17e0ba5f8596	OPTIONS	/api/users	http://localhost:3000
20220911	23:10:31	a84dda94-3de6-449c-96ab-2b55be06897b	POST	/api/users	http://localhost:3000
20220911	23:10:39	0f112445-5f76-4ca3-9529-dede7115f77c	OPTIONS	/api/users	http://localhost:3000
20220911	23:10:39	f8bceb5a-d5ef-4615-aa00-252e2d7d316f	POST	/api/users	http://localhost:3000
20220911	23:10:51	0f60da24-012a-4925-ac5a-ecbddeeb1eea	OPTIONS	/api/users	http://localhost:3000
20220911	23:10:51	7c00864b-efa9-4015-8c3c-4fdad0ebc506	POST	/api/users	http://localhost:3000
20220911	23:11:34	021e756f-687a-4466-afec-64b584879ee6	OPTIONS	/api/users	http://localhost:3000
20220911	23:11:34	4f8fb9b0-9469-43f5-b0ca-8b92ba097d46	POST	/api/users	http://localhost:3000
20220911	23:11:47	d3e91486-bdf2-4bbe-9ec3-ac0ade74a4c8	OPTIONS	/api/users	http://localhost:3000
20220911	23:11:47	d11731f5-9952-4cf3-98fd-2d9e66483f40	POST	/api/users	http://localhost:3000
20220911	23:11:57	c56fd32a-56f2-48e4-a7b8-389c1ef4340d	OPTIONS	/api/users	http://localhost:3000
20220911	23:11:57	56d4d910-02a4-4a05-97e0-9d9f1fedf3b5	POST	/api/users	http://localhost:3000
20220911	23:13:42	76a10a2d-648e-47a2-aee1-59e1ca25f1e5	OPTIONS	/api/users	http://localhost:3000
20220911	23:13:42	d24ed899-d81d-47ef-94d4-42d201d1b17f	POST	/api/users	http://localhost:3000
20220911	23:13:59	78c577d1-7e3a-4087-a65b-cde38148e944	OPTIONS	/api/users	http://localhost:3000
20220911	23:13:59	96ad63f3-d902-49db-8d1a-958716b7d1de	POST	/api/users	http://localhost:3000
20220911	23:14:08	184d558b-0b50-415e-a7ad-34c219f2a400	OPTIONS	/api/users	http://localhost:3000
20220911	23:14:08	b3b614f6-713d-4e63-828e-3894cb3eec30	POST	/api/users	http://localhost:3000
20220911	23:14:15	f981678c-11f5-42d1-a283-a59accc4b949	OPTIONS	/api/users	http://localhost:3000
20220911	23:14:15	b9cc5fe0-9e2e-4fdf-b838-1990bdba86f4	POST	/api/users	http://localhost:3000
20220911	23:15:29	0e16c346-fafd-4a57-adcf-beeadc12a7e6	OPTIONS	/api/users	http://localhost:3000
20220911	23:15:29	e4f617ba-98fc-4b06-b570-97d8e80d55c2	POST	/api/users	http://localhost:3000
20220911	23:16:03	72cf3817-ebf9-46cd-96ad-80ccfc5fc426	OPTIONS	/api/users	http://localhost:3000
20220911	23:16:03	48a52327-0d18-420a-9cff-6368f3e2c2e7	POST	/api/users	http://localhost:3000
20220911	23:16:05	c0047dff-7a6b-44b0-a73a-c3754e1bc2bf	POST	/api/users	http://localhost:3000
20220911	23:16:13	0d0aef07-b12d-475f-a731-ce41f7e7b29a	OPTIONS	/api/users	http://localhost:3000
20220911	23:16:13	fafc12a3-bd65-41aa-a465-cae370553cd9	POST	/api/users	http://localhost:3000
20220911	23:16:39	b792501a-1157-4fb0-bd30-17ab7526d703	OPTIONS	/api/users	http://localhost:3000
20220911	23:16:39	e9dca87d-8c8e-4665-983d-6507be1fc59f	POST	/api/users	http://localhost:3000
20220911	23:16:59	ca0d4436-f9d6-4be9-b97b-4d82e7ebdf0c	OPTIONS	/api/users	http://localhost:3000
20220911	23:16:59	4a42fa37-cb72-4941-8b0a-fed5ee7320b4	POST	/api/users	http://localhost:3000
20220911	23:17:02	86235212-0a60-4e40-9b55-e9a3e7126d95	POST	/api/users	http://localhost:3000
20220911	23:17:29	1d6ea641-76b1-4cf7-bcaf-fadb1b0da7c2	OPTIONS	/api/users	http://localhost:3000
20220911	23:17:29	1fa3b354-1f52-4ec1-8311-0982ff058f16	POST	/api/users	http://localhost:3000
20220911	23:18:33	760fb4d3-159e-40c8-94ec-88b412556ebe	OPTIONS	/api/users	http://localhost:3000
20220911	23:18:33	d1ec6604-0389-40ee-bb9a-81b3d8b4305a	POST	/api/users	http://localhost:3000
20220911	23:18:41	5a8fab19-c5fb-45de-b5ae-55cafc46fd2a	OPTIONS	/api/users	http://localhost:3000
20220911	23:18:41	187b44ff-3e5d-4f8f-9ad6-4a62788ae742	POST	/api/users	http://localhost:3000
20220911	23:19:15	7aa0dde5-6453-4cf6-b85e-f69f8c556815	OPTIONS	/api/users	http://localhost:3000
20220911	23:19:15	9f9cb280-8b7e-4a46-8694-3fb9f7cc83fd	POST	/api/users	http://localhost:3000
20220911	23:19:47	94058de3-479a-42f2-920d-faecfd82f5a0	OPTIONS	/api/users	http://localhost:3000
20220911	23:19:47	912ba2fb-aafe-41ff-9b75-9f2e67626ecc	POST	/api/users	http://localhost:3000
20220911	23:19:55	05e927df-14f9-4d3b-9e78-76cbaae7f07a	OPTIONS	/api/users	http://localhost:3000
20220911	23:19:55	2740f4d7-472b-4bc2-9185-10bfab2970bf	POST	/api/users	http://localhost:3000
20220911	23:20:40	91edb173-6f6c-4feb-bf9f-9806f2be39b2	OPTIONS	/api/users	http://localhost:3000
20220911	23:20:40	8455aaca-fcca-4508-aebe-79998881b807	POST	/api/users	http://localhost:3000
20220911	23:20:46	607ab0bc-4229-4b51-9484-1cfeeb653369	OPTIONS	/api/users	http://localhost:3000
20220911	23:20:46	186d4501-00b3-412a-bbd5-817b3aa6c110	POST	/api/users	http://localhost:3000
20220919	20:04:38	e9167df5-5d56-4be8-bea2-f6038421667c	GET	/api/productss	undefined
20220919	20:04:44	ec7b889e-deed-492c-9c8b-64c03160560a	GET	/api/products	undefined
20220919	20:05:49	3ff79e74-a781-4533-84ab-ed61925df977	GET	/api/products	undefined
20220919	20:11:50	6c92d9fe-9b97-4384-ac58-05995ff27fcd	GET	/api/users	undefined
20220919	20:20:18	286ee382-72b9-4d96-a180-d3cadc2a4f1e	GET	/api/users	undefined
20220919	20:22:55	8cfb2383-44d4-4056-9913-4110c39c58de	GET	/api/products	undefined
20220919	20:37:41	026e5e33-1a23-4f6c-9284-5e750d0b6c5b	POST	/api/products	undefined
20220919	20:37:47	3c14b738-b97c-43a4-b974-abdbb8885222	POST	/api/products	undefined
20220919	20:37:51	946869bd-7bdc-424b-b389-e64ef9bc6054	POST	/api/products	undefined
20220919	20:38:20	ed1b7862-1e8c-4fa6-94c6-42ea1577bd94	POST	/api/products	undefined
20220919	20:38:33	ed91277d-1aaf-4e54-9315-817a677d0a81	DELETE	/api/products/63287edce8ac3e446add049c	undefined
20220919	20:40:08	4f67e839-7349-4310-b99b-a5e269d10079	DELETE	/api/products/63287edce8ac3e446add049c	undefined
20220919	20:40:09	f9a87955-7f02-4efa-bb3d-eb2dbf9bf702	DELETE	/api/products/63287edce8ac3e446add049c	undefined
20220919	20:41:02	b5201e35-e16e-4bb4-be44-5ff4f19b7a0e	DELETE	/api/products/63287edce8ac3e446add049c	undefined
20220919	20:41:08	e245bfbb-0d73-40ea-9838-019a459f4b03	DELETE	/api/products/63287edce8ac3e446add049c	undefined
20220919	20:41:20	32e02a84-d106-4c2b-9eda-e586d8616ea6	GET	/api/products/	undefined
20220919	20:41:45	98a12731-96ed-40b4-87ab-ad1f0bd2128f	POST	/api/products/	undefined
20220919	20:41:58	d7b0cdd6-c3fd-4738-83ea-e2d048be240a	DELETE	/api/products/63287fa991513ab6ecda140f	undefined
20220919	20:42:27	72f0a19f-85c7-4a0e-b225-3d8a29296aeb	POST	/api/products/	undefined
20220919	20:42:37	458b6514-c540-4a7e-be67-7859afe965d8	GET	/api/products/63287fd317e9b319013c3bf7	undefined
20220919	20:42:44	34769e79-ea1e-47cd-aabb-56c1c6466e60	DELETE	/api/products/63287fd317e9b319013c3bf7	undefined
20220919	20:42:54	5a37c50b-9f70-499e-83cd-c829fb562b1b	GET	/api/products	undefined
20220919	20:49:48	6a365510-b529-45d4-ad00-b5a9faed0909	GET	/api/products	undefined
20220919	20:50:21	266ecd96-406c-49cd-8fab-7262f1862164	GET	/api/products	undefined
20220919	20:50:45	ca5a5552-3671-4852-8224-388afafd67ff	GET	/api/products	undefined
20220919	20:51:53	4a191903-d899-4b5f-9ace-bdaea5dfe85a	GET	/api/products	undefined
20220919	20:55:35	dddfdea4-5d1a-4f11-b3a4-6f868b2e2e4b	GET	/api/products	undefined
20220919	20:55:37	d438914d-f3e4-4393-8133-a80b603cea82	GET	/api/products	undefined
20220919	20:56:56	5daf7c03-d9e9-435b-b91a-e457147dce7a	GET	/api/products	undefined
20220919	20:57:08	e1caca60-fbb9-40de-b16a-c7045925f92f	GET	/api/products	undefined
20220919	20:58:13	d9996714-ea0b-422c-af66-5334c8577cfa	GET	/api/products	undefined
20220919	20:59:18	bdbfdeb9-d463-476e-b7d9-d2e05d0158bc	GET	/api/products?limit=10	undefined
20220919	20:59:46	13d58ba3-25c3-460c-b981-2dfc29977dee	GET	/api/products?limit=10	undefined
20220919	21:00:00	33244076-a046-48c5-8d4c-d8dcb4f4f130	GET	/api/products?limit=10	undefined
20220919	21:00:40	3ed43c2d-4fda-4021-a73b-99baa19c5a0d	GET	/api/products?page=10	undefined
20220919	21:00:55	06d39d9b-c493-4706-9369-4f1747bc098c	GET	/api/products?page=1	undefined
20220919	21:01:00	e88e2488-5d2a-4eb7-9fc8-55184e0ccee3	GET	/api/products	undefined
20220919	21:02:23	9a548c47-82b8-4aa8-8e3e-6d336739652f	POST	/api/users	undefined
20220919	21:03:18	0d304f7e-7e25-4fa4-98e2-ed395961723f	POST	/api/users	undefined
20220919	21:03:22	27e47570-276a-4ea2-8a22-596e3442cf8c	POST	/api/users	undefined
20220919	21:03:29	1f99ff80-4c95-4245-aa2a-27f5334fa2dd	GET	/api/users	undefined
20220919	21:04:22	3cb7a81a-1f44-4c17-820e-a1a007d8c70f	GET	/api/users	undefined
20220919	21:04:24	260ede29-7b59-4cfe-984a-c0947653d64d	GET	/api/users	undefined
20220919	21:04:29	47fc9e9e-db05-4a37-968c-3233f41091ab	POST	/api/users	undefined
20220919	21:04:34	1a4bcca7-142c-4a6f-9537-6383b4b269e3	POST	/api/users	undefined
20220919	21:04:57	faab377b-8e92-4ff5-9139-c3c317473551	POST	/api/users	undefined
20220919	21:05:17	20592b7f-7961-4bf9-8d69-ccf13257f455	POST	/api/users	undefined
20220919	21:05:19	aa7be25d-431e-4d18-948f-1ea90b0f83bc	POST	/api/users	undefined
20220919	21:05:56	984baf9a-d3e0-470f-b592-da5afa5c592d	POST	/api/users	undefined
<<<<<<< HEAD
20220919	21:34:59	ceeca915-36f6-487b-8310-0048758fe41f	GET	/api/products	undefined
20220919	21:35:12	cdab900a-e993-4450-bc91-90301b6d175b	GET	/api/products/6327f79cea82c60023e2e46e	undefined
20220919	21:36:30	8abe8d42-b8ef-4661-8f9c-dd823854d972	GET	/api/products/6327f79cea82c60023e2e46e	undefined
20220919	21:37:35	b67baf6f-b334-4aa9-ac4e-946401f65ae1	GET	/api/products/6327f79cea82c60023e2e46e	undefined
20220919	21:38:35	69b93e72-0832-4739-969f-769b63df3384	GET	/api/products/6327f79cea82c60023e2e46e	undefined
20220919	21:38:44	225ab050-0cdc-43f0-b980-71fb55388a22	GET	/api/products/	undefined
20220919	21:38:52	6e4393a1-4d3b-47b9-bcb8-f9611ab770de	GET	/api/products/6327f79cea82c60023e2e46e	undefined
20220919	21:39:32	50ce5b1e-ed37-47df-88a8-2b61257f75f5	GET	/api/products/	undefined
20220919	21:39:44	66d89c76-7ed9-4b77-8248-b5f75c336b37	GET	/api/products/6327f79cea82c60023e2e46e	undefined
20220919	21:40:01	7f792d86-e026-47e0-9990-6aa6856e49cc	GET	/api/products/6327f79cea82c60023e2e46e	undefined
20220919	21:40:27	7587af5a-5b01-4122-b3f2-fdac6ee61d73	GET	/api/products/6327f79cea82c60023e2e46e	undefined
20220919	21:40:44	fccc2a9a-36ad-4dcc-84cb-f1adad87bc88	GET	/api/products/6327f79cea82c60023e2e46e	undefined
20220919	21:42:08	8b0e9c14-5f68-4f55-bf5b-ba7d472f1e3d	GET	/api/products/6327f79cea82c60023e2e46e	undefined
20220919	21:42:21	c276c7d1-a794-45cc-bf9a-c52bde9c886c	GET	/api/products/6327f79cea82c60023e2e46e	undefined
20220919	22:12:22	2899dc2f-e8b0-4ddb-b177-b22607507375	GET	/api/products/6327f79cea82c60023e2e46e	undefined
20220919	22:13:42	5304d50f-8a17-401c-8fca-d3390d70c60c	GET	/api/products/6327f79cea82c60023e2e46e	undefined
20220919	22:14:55	dd9dc199-f1e0-4900-9ab6-a4adf56003d0	GET	/api/products/6327f79cea82c60023e2e46e	undefined
20220919	22:17:05	57b6865f-338d-41c3-a6bd-b058816ec1e0	GET	/api/products/6327f79cea82c60023e2e46e	undefined
20220919	22:17:22	475c7aaa-a7cb-4371-89d1-a9b53de0dbfd	GET	/api/products/6327f79cea82c60023e2e46e	undefined
20220919	22:17:40	74bb9dae-46ce-473a-973c-b73be4f09fdc	GET	/api/products/6327f79cea82c60023e2e46e	undefined
20220919	22:17:57	0d540e66-e9e4-48fd-9dbd-320f44881158	GET	/api/products/6327f79cea82c60023e2e46e	undefined
20220919	22:18:27	0100beac-becc-4b04-a244-44ed6eef581a	GET	/api/products/	undefined
20220919	22:18:53	5c268505-b514-4a32-b43d-ec6fd7b3dade	GET	/api/products/single	undefined
20220919	22:21:22	c22b5eea-170b-4e3a-8b2e-21a3ff375f6f	GET	/api/products/single	undefined
20220919	22:21:23	87ab8d6f-97ce-4359-947a-33d8cab5aaf0	GET	/api/products/single	undefined
20220919	22:21:36	b935d3ab-bb54-42e5-94e8-cf024223872e	GET	/api/products/single	undefined
20220919	22:21:38	810b7c64-1eb3-4065-8c1d-c3f10b67d523	GET	/api/products/single	undefined
20220919	22:21:39	e5eaa2fa-3acd-408b-8579-15da874ddd1f	GET	/api/products/single	undefined
20220919	22:22:01	6e466151-da75-4166-b6bd-42b7127e4487	GET	/api/products/single	undefined
20220919	22:22:05	5a43c7f6-325b-48ad-bc75-b7dcfee75005	GET	/api/products/	undefined
20220919	22:22:17	71a82aaf-1fc6-4af7-833a-f9e14ebe24a4	GET	/api/products/6327f79cea82c60023e2e46e	undefined
20220919	22:22:19	74fb95d8-2c0c-4998-ad9d-c1ac24640203	GET	/api/products/6327f79cea82c60023e2e46e	undefined
20220919	22:22:28	4dd950e4-e894-4799-979a-fc44abe68b3d	GET	/api/products/single	undefined
20220919	22:23:22	61d47707-a605-41c8-85bb-5ae6a3782f1b	GET	/api/products/single	undefined
20220919	22:23:24	42840ed4-5d4e-4774-8250-027bf543e8f6	GET	/api/products/single	undefined
20220919	22:25:20	039defcc-c753-4ea4-9a5f-941bfcc47c38	GET	/api/user	undefined
20220919	22:25:21	076712b0-7065-4892-a527-8069df998af5	GET	/api/users	undefined
20220919	22:26:30	5e419ba5-80bc-411e-98dd-0e0f0916fb58	GET	/api/users/single	undefined
20220919	22:27:19	df518145-978f-49af-b025-4a0492fceaf3	GET	/api/users/singe	undefined
20220919	22:27:21	d4820171-dd48-4da7-a040-141c6de94646	GET	/api/users/	undefined
20220919	22:27:30	2119a322-3584-4d9b-8870-25e783423b07	GET	/api/products	undefined
20220919	22:28:19	791dc90c-380f-4cab-aae5-f7121400d9ff	GET	/api/products	undefined
20220919	22:28:26	e14f873d-6152-4ab1-a9bb-50af854255fa	GET	/api/users/	undefined
20220919	22:28:32	c9dacf52-8bc2-4de1-881a-ee4c6c37e70c	GET	/api/users/	undefined
20220919	22:28:38	8eb27896-2010-4797-89f8-4650ba6e6d6c	GET	/api/users/singe	undefined
20220919	22:28:55	f3d7708b-c531-46bc-b838-880a0b9c1f1c	GET	/api/users/single	undefined
20220919	22:29:18	eebb8752-941d-46c1-b3b3-fe2fed53d4b8	GET	/api/projecs/single	undefined
20220919	22:29:22	234a14eb-d1d5-429d-95da-87f81865b0f5	GET	/api/projecs/single	undefined
20220919	22:29:26	d1f83c5f-510f-44ae-8a02-c260d686f97e	GET	/api/projects/single	undefined
20220919	22:29:33	d91d300c-3877-4bc0-8a9a-591a983a1f77	GET	/api/projects/	undefined
20220919	22:29:43	a82fb64c-a91a-4baf-8eb1-4582e74324a9	GET	/api/products	undefined
20220919	22:31:06	93345c2a-d858-4283-8aba-08b77c9c6dcf	GET	/api/products	undefined
20220919	22:31:15	6d7c050f-d06e-47a3-b904-ed4e89705f8b	GET	/api/products/single	undefined
20220920	07:15:43	c00da989-1fe7-4d1d-b765-c869d13ff2cc	POST	/api/users	undefined
20220920	07:15:46	9ff56e93-b8fc-4233-9a8b-e1ad557ab385	POST	/api/users	undefined
20220920	07:16:06	bb27c76f-a941-4e12-9bcd-27441dc0a338	POST	/api/users	undefined
20220920	07:16:34	d76d039f-54e9-4429-9d83-0e18332dde2b	POST	/api/users	undefined
20220920	07:16:49	2f33f22b-9788-48c7-a713-3e9c552f5caa	POST	/api/users	undefined
20220920	07:17:20	98c1b4ed-3a3f-48cd-aed0-9108e47bfaf8	POST	/api/users	undefined
20220920	07:17:45	5a15ab5a-227b-4fb3-843d-4c0b0178e327	POST	/api/users	undefined
20220920	07:17:51	2fb4e7f5-3abe-4886-be4b-05994900f5ff	POST	/api/users	undefined
20220920	07:18:06	0ef09b04-e718-49fb-9f25-dabf4bf70902	GET	/api/users	undefined
20220920	07:18:32	8eee8619-42f0-4a88-993d-6ac1d3e6d49c	POST	/api/auth	undefined
20220920	07:18:58	5286ff13-c846-4ad1-86ed-d981ba30d32b	POST	/api/auth	undefined
20220920	07:19:08	60a8c72b-37f7-468f-ae27-5ce4fb3fb29d	POST	/api/auth	undefined
20220920	07:19:10	e60f1523-c2d1-4fc0-a77c-a05f1b74c225	POST	/api/auth	undefined
20220920	07:21:17	ef75c421-4d8e-4030-a431-cc7018cd54d3	POST	/api/auth/refresh	undefined
20220920	07:21:46	acd0ce3f-05b9-47c6-aab4-baecf0793d91	POST	/api/auth/refresh	undefined
20220920	07:22:10	8ab1d02b-6cb0-4ef9-89ec-d68a9fff86d3	POST	/api/auth/refresh	undefined
20220920	07:22:11	91d8f07d-467c-4dd0-9aac-d68553df5556	POST	/api/auth/refresh	undefined
20220920	07:22:12	8acf15f2-0af0-4844-bda1-00a43521782f	POST	/api/auth/refresh	undefined
20220920	07:22:13	288b4198-efb3-4d0e-970d-c7e7deba4ffc	POST	/api/auth/refresh	undefined
20220920	07:36:27	88957eb7-6f71-4227-b29c-2809492846b7	POST	/api/auth/refresh	undefined
20220920	07:36:28	d02fe314-e385-48bb-868c-5d8c16735a8a	POST	/api/auth/refresh	undefined
20220920	07:36:29	68692168-3e55-4634-acde-80c1a172e41e	POST	/api/auth/refresh	undefined
20220920	07:36:51	9c53a3a3-bb89-457b-8cad-105f5bd8b7f1	POST	/api/auth/refresh	undefined
20220920	07:36:52	63ec82ed-6c16-41a9-a6df-522b0cd1afa2	POST	/api/auth/refresh	undefined
20220920	07:37:45	09fdfb76-eacb-4178-bec6-babbc91982f2	POST	/api/auth/logout	undefined
20220920	07:38:16	bfef2a45-4e11-4728-89f6-290e8d0e8acb	POST	/api/auth/	undefined
20220920	07:38:25	cc2f50e9-f041-4058-bf75-b92f22638635	GET	/api/auth/logout	undefined
20220920	07:39:13	7773a3a6-df79-4f60-ae59-ae5624bd53b1	POST	/api/auth/logout	undefined
20220920	07:39:19	2d4aff61-7e48-4594-bb13-d2ff2838fce4	POST	/api/auth/logout	undefined
20220920	07:39:38	c3bb1176-4f4f-4ccc-bb0c-0e96eb7d7177	POST	/api/auth/	undefined
20220920	07:40:00	220dc7a0-5326-4d7c-8de2-e8171ece6287	POST	/api/auth/	undefined
20220920	07:40:12	63fdb1f4-b156-41aa-a57d-91193e71e01d	POST	/api/auth/logout	undefined
20220920	07:40:57	174d80b0-aee0-464e-8dd8-6a9990f98ce5	POST	/api/auth/	undefined
20220920	07:41:12	392dcd44-4356-4743-9585-2898998481e0	POST	/api/auth/logout	undefined
20220920	07:43:32	14baac9f-a9e8-4539-9566-1b852286eb0d	POST	/api/auth/	undefined
20220920	07:45:21	85ec713c-b110-44c5-97b7-0479df2020a0	POST	/api/auth/	undefined
20220920	07:45:34	4a9cdbae-7226-4e3d-b08e-74e3f61796d9	POST	/api/auth/	undefined
=======
20220919	22:38:46	6089e046-fa3f-484a-a8a8-8de1392903b3	GET	/	undefined
20220919	22:38:46	38fb38ca-bac7-4ee2-b9c4-952746334b3b	GET	/css/style.css	undefined
20220919	22:38:47	98ed8e51-77fc-44dc-8672-7c76b8246557	GET	/favicon.ico	undefined
20220919	22:41:35	03edfbfb-4c65-463d-8425-6ac651b84a10	GET	/api/users	undefined
20220919	22:48:37	dc89579c-db43-4023-bcb8-77335ecb4ea5	GET	/api/products	undefined
20220919	22:48:51	148994fe-be94-42ce-ad33-998e4664fc19	GET	/api/products	undefined
20220919	22:49:12	230b5c8f-0b64-4c0b-8cc2-0eb1961126ae	GET	/api/products?page=4	undefined
20220919	23:49:45	0ecf77d2-0c53-4591-b63f-eb8ab281d74c	GET	/api/products	undefined
20220920	00:04:35	0758ec82-e587-4d79-9417-8184764fefdb	GET	/api/products	undefined
20220920	00:05:51	eabb28ef-f554-477e-9131-6b535c81838d	GET	/api/products	undefined
20220920	00:10:21	dc2d0036-4cc6-47a6-9419-c0e725d6de38	GET	/api/products	undefined
20220920	00:12:11	0888c7c8-f783-43e6-8b0a-10a98a8ee63b	GET	/api/products	undefined
20220920	00:14:54	35d43f16-6539-4c23-b2f4-4d595c5f5d1a	GET	/api/products	undefined
20220920	00:16:48	20a6ab63-cea0-4f55-a914-7aafac8461ac	GET	/api/products	undefined
20220920	00:53:36	1a33622a-73d6-494e-83c0-a3106929553d	GET	/api/products?limit=9&page=1	http://localhost:3000
20220920	00:54:10	fcf719ac-185d-4cfa-ad4a-a08ee013f1bc	GET	/api/products?limit=9&page=1	http://localhost:3000
20220920	00:54:17	8c91ab97-41b9-4cb1-b9c4-8b942b9684c4	GET	/api/products?limit=9&page=0	http://localhost:3000
20220920	00:54:25	76712263-6dce-4577-8671-a388ae291384	GET	/api/products?limit=9&page=5	http://localhost:3000
20220920	00:54:28	39434b0e-af1f-44c8-b6f4-6c4569cdd02f	GET	/api/products?limit=9&page=0	http://localhost:3000
20220920	00:54:30	6e49c75e-a646-4259-86e9-3ac1f3d5697a	GET	/api/products?limit=9&page=1	http://localhost:3000
20220920	00:55:59	0e4481de-af9a-4c8e-bb61-fd253b244e6f	GET	/api/products?limit=9&page=1	http://localhost:3000
20220920	00:56:43	c6a2063e-42ef-46d1-9255-a337f9126099	GET	/api/products?limit=9&page=1	http://localhost:3000
20220920	00:57:49	25acbd41-9538-4989-a80b-2249885f690d	GET	/api/products?limit=9&page=1	http://localhost:3000
20220920	00:58:34	d0b561c7-d67f-448c-a6e0-9e156697e2f1	GET	/api/products?limit=9&page=1	http://localhost:3000
20220920	00:58:35	4fb99f1a-c2bc-47b8-a558-abb699fb8b0b	GET	/api/products?limit=9&page=1	http://localhost:3000
20220920	00:59:33	1dab2595-1f7e-4bc0-8b7b-82df4add7d3a	GET	/api/products?limit=9&page=1	http://localhost:3000
20220920	00:59:53	8ddc0ab8-ac0d-44b5-8cb0-502db0977d79	GET	/api/products?limit=9&page=1	http://localhost:3000
20220920	01:01:03	e6e4809b-e1dd-4aba-9f36-76cb44a9a7af	GET	/api/products?limit=9&page=1	http://localhost:3000
20220920	01:01:09	ae71c5da-1fee-4b46-8ef5-d6ec642a2f15	GET	/api/products?limit=9&page=1	http://localhost:3000
20220920	01:01:10	1dbf5ed9-7e6b-48da-9324-a712b6bc075c	GET	/api/products?limit=9&page=1	http://localhost:3000
20220920	01:01:56	358870cc-80fa-46a9-be2d-c6fb0c11f209	GET	/api/products?limit=9&page=1	http://localhost:3000
20220920	01:02:15	b7188169-c752-4c9e-99ac-a2ed3380c6f4	GET	/api/products?limit=9&page=1	http://localhost:3000
20220920	01:08:13	24f03a08-0c93-467e-9839-f6956a1187ef	GET	/api/products?limit=9&page=1	http://localhost:3000
20220920	01:08:22	270037b9-741f-4604-9d7d-fa5a89dfd28c	GET	/api/products?limit=9&page=1	http://localhost:3000
20220920	01:08:23	a8d123d6-70e2-4526-b347-403af21174ea	GET	/api/products?limit=9&page=1	http://localhost:3000
20220920	01:08:29	c1d29bc6-4455-43be-8547-6f5e447d1ca9	GET	/api/products?limit=9&page=0	http://localhost:3000
20220920	01:08:52	a3d3eea1-df87-4f06-b8d9-3548ba4dfe09	GET	/api/products?limit=9&page=0	http://localhost:3000
20220920	01:08:53	409779c1-b7e7-4da4-bed3-cd6d08450f2b	GET	/api/products?limit=9&page=0	http://localhost:3000
20220920	01:08:58	e5dbe103-5c1f-48f0-b756-d69448e3800f	GET	/api/products?limit=9&page=0	http://localhost:3000
20220920	01:08:59	2b3b33ba-0af5-499e-8a21-b186159438f3	GET	/api/products?limit=9&page=0	http://localhost:3000
20220920	01:09:33	eb0695b5-78c5-4020-897b-6c3d93ba14f4	GET	/api/products?limit=9&page=0	http://localhost:3000
20220920	01:09:34	7e0238e3-02d8-42b9-8359-f000ad2d97c3	GET	/api/products?limit=9&page=0	http://localhost:3000
20220920	01:12:03	537c000b-d86b-45b6-901b-ba4cbfeb7f5d	GET	/api/products?limit=9&page=0	http://localhost:3000
20220920	01:13:09	afd09ab6-0656-44ec-bf7e-0cfa4aa6470f	GET	/api/products?limit=9&page=0	http://localhost:3000
20220920	01:13:43	72395649-4f3d-4678-a079-c0e775f1d127	GET	/api/products?limit=9&page=0	http://localhost:3000
20220920	01:13:54	c5de5bc9-27da-4827-8e40-5750570e617e	GET	/api/products?limit=9&page=0	http://localhost:3000
20220920	01:14:10	1a562a9b-65e2-40b6-9c59-320eddfe7f78	GET	/api/products?limit=9&page=0	http://localhost:3000
20220920	01:14:35	3ac07b75-4d99-446e-aa69-b1b38fd9dd2f	GET	/api/products?limit=9&page=0	http://localhost:3000
20220920	01:15:14	95ebc42a-305b-4daf-b468-0d7e523d1c41	GET	/api/products?limit=9&page=0	http://localhost:3000
20220920	01:15:25	79231d63-cc09-47d1-8d01-135fc7dbe000	GET	/api/products?limit=9&page=0	http://localhost:3000
20220920	01:15:51	88dfa3d9-6ace-420f-ba0c-2dc0c6df505c	GET	/api/products?limit=9&page=0	http://localhost:3000
20220920	01:15:53	981b8d01-0076-48a2-8eaf-fbfc70057774	GET	/api/products?limit=9&page=1	http://localhost:3000
20220920	01:16:20	151cc43d-967f-4957-9a50-24f46e7a28a4	GET	/api/products?limit=9&page=1	http://localhost:3000
20220920	01:16:22	2d023646-75b2-4877-97bc-e542f3019d83	GET	/api/products?limit=9&page=0	http://localhost:3000
20220920	01:16:23	fb0a74fa-0e0c-4071-b350-52da03f98304	GET	/api/products?limit=9&page=0	http://localhost:3000
20220920	01:16:25	1ede15ab-b08c-4c01-acaa-23d48d4b390e	GET	/api/products?limit=9&page=1	http://localhost:3000
20220920	01:16:40	37889623-4ae1-47d9-965e-e6c720ed7076	GET	/api/products?limit=9&page=1	http://localhost:3000
20220920	01:18:25	b1dc42cb-9aaa-4486-871c-13719ed8dd25	GET	/api/products?limit=9&page=0	http://localhost:3000
20220920	01:18:25	bb1e3f5a-d82f-453d-a8f8-ea85f88b0654	GET	/api/products?limit=9&page=0	http://localhost:3000
20220920	01:18:29	aa987239-b2cc-42e2-9e5d-4c66574d2b12	GET	/api/products?limit=9&page=1	http://localhost:3000
20220920	01:18:33	8498ebaa-b5ea-4ee4-af02-d853ccf4d197	GET	/api/products?limit=9&page=0	http://localhost:3000
20220920	01:19:59	56ca1ca5-005a-452b-b991-431934dcdb34	GET	/api/products?limit=9&page=0	http://localhost:3000
20220920	01:22:39	1d07ac34-10bb-4aec-b010-cef88215dddf	GET	/api/products?limit=9&page=0	http://localhost:3000
20220920	01:23:59	4e7f5bf6-0936-4ddf-9508-e148785f9639	GET	/api/products?limit=9&page=0	http://localhost:3000
20220920	01:25:46	fd09fa61-3072-4e5c-a9a2-705d41b01f53	GET	/api/products?limit=9&page=0	http://localhost:3000
20220920	01:25:53	8bce7a4d-f533-46a2-8b03-390c6b5a58ce	GET	/api/products?limit=9&page=0	http://localhost:3000
20220920	01:26:11	6e49e3de-8a26-4b4b-9b75-1ef2e24cd29a	GET	/api/products?limit=9&page=0	http://localhost:3000
20220920	01:26:17	aee3a5be-aa77-4256-a40b-02068d20625f	GET	/api/products?limit=9&page=2	http://localhost:3000
20220920	01:26:53	40ab07f2-9bb5-4ede-9f77-b105a3c2e7a8	GET	/api/products?limit=9&page=2	http://localhost:3000
20220920	01:27:18	1a94cde5-7615-48a8-b4c3-d2d6cdc439af	GET	/api/products?limit=9&page=2	http://localhost:3000
20220920	01:28:07	1c731273-ed72-4a0f-91ed-8c5888ccd0f3	GET	/api/products?limit=9&page=2	http://localhost:3000
20220920	01:28:09	e67b9f45-2e2f-473e-bbe6-d8ecf9805a28	GET	/api/products?limit=9&page=0	http://localhost:3000
20220920	01:28:10	2f0f4750-8f45-4f8e-bf34-7ab161e128bc	GET	/api/products?limit=9&page=0	http://localhost:3000
20220920	01:30:37	c68017d4-b2ed-4c26-b103-75e635ebff19	GET	/api/products?limit=9&page=0	http://localhost:3000
20220920	01:30:40	2964bcd7-02aa-4f10-ae9a-f50bab709bef	GET	/api/products?limit=9&page=0	http://localhost:3000
20220920	01:30:40	43ed256e-3353-4901-9b47-2a5a779f3590	GET	/api/products?limit=9&page=0	http://localhost:3000
20220920	01:31:03	796b9580-adc3-4407-b5a6-fa95a3d6e964	GET	/api/products?limit=9&page=0	http://localhost:3000
20220920	01:31:06	e3259e7f-6308-41d0-b732-453dc6efbb74	GET	/api/products?limit=9&page=1	http://localhost:3000
20220920	01:31:15	e6559bbb-4e28-4b71-a9dc-83584eeedc7c	GET	/api/products?limit=9&page=1	http://localhost:3000
20220920	01:31:22	2b02c73c-4dcb-4690-aac7-c5d99002e110	GET	/api/products?limit=9&page=10	http://localhost:3000
20220920	01:31:25	5d590188-ef7d-4977-a7e3-6477d68a9367	GET	/api/products?limit=9&page=0	http://localhost:3000
20220920	01:31:47	54a0ab67-feee-427e-be10-b3b373517a8a	GET	/api/products?limit=9&page=0	http://localhost:3000
20220920	01:33:23	a9adc234-275d-457d-9f14-ba125d33e0a1	GET	/api/products?limit=9&page=0	http://localhost:3000
20220920	01:33:55	1c4ca333-f8ed-4d43-8abd-a8ccda2a36e0	GET	/api/products?limit=9&page=0	http://localhost:3000
20220920	01:34:10	685414cc-1e8d-4b3f-94cf-f99946da65fb	GET	/api/products?limit=9&page=0	http://localhost:3000
20220920	01:34:17	49a3d589-b941-414c-9edb-30d807259a55	GET	/api/products?limit=9&page=0	http://localhost:3000
20220920	01:34:26	985612a5-dea3-4d81-ac1f-066e5691ac42	GET	/api/products?limit=9&page=0	http://localhost:3000
20220920	01:34:41	e659f4de-3db6-4c82-a226-b2a4c4bc88f2	GET	/api/products?limit=9&page=0	http://localhost:3000
20220920	01:34:52	216678d1-08d6-4c46-997c-5f44c8825387	GET	/api/products?limit=9&page=0	http://localhost:3000
20220920	01:34:53	34397cad-27d2-4898-811c-e2611a8130f1	GET	/api/products?limit=9&page=1	http://localhost:3000
20220920	01:34:55	26cefed7-0183-4820-9695-836950b0952d	GET	/api/products?limit=9&page=0	http://localhost:3000
>>>>>>> 3236a306792da3ad42b567fefc6523987b2ea4d9
20220920	07:51:33	2c875453-6520-4f7c-884c-b2453388a4e0	GET	/api/users	undefined
20220920	07:51:54	ae28db70-9df3-4892-8385-c6d6f536889f	GET	/api/users	undefined
20220920	07:52:13	8150cfaf-a23e-4892-9c70-f91ddd389fcc	GET	/api/users	undefined
20220920	07:52:33	1b31c454-6df3-47aa-a2b4-e3df91de64f2	GET	/api/users	undefined
20220920	07:52:59	fe4073a9-13ea-4e63-8dbf-cd9e74dd84f1	POST	/api/auth	undefined
20220920	07:53:26	698bdfca-8c43-4cc0-a15b-da422f58de4b	GET	/api/users	undefined
20220920	07:53:32	296084eb-606b-4ba2-b94a-5cf64ab8758d	GET	/api/users/single	undefined
20220920	07:54:06	d444aa74-59dd-4da7-9157-542357396f29	GET	/api/users/single	undefined
20220920	07:54:24	6902006e-dc4f-47cf-9aad-bea87430bc92	GET	/api/users/single	undefined
20220920	07:54:53	4363c5d9-0534-4894-825e-b2d5dcc56c48	GET	/api/users/single	undefined
20220920	08:00:42	9813ae10-ae4d-45c6-ba9c-72ddcbf578fc	POST	/api/users/signin	undefined
20220920	08:01:09	f8cf0fb4-2d7b-4067-a5ac-8c2166e92a93	POST	/api/users/signin	undefined
20220920	08:01:28	1386d9ec-1bd4-47d0-a763-2ca1146733cc	POST	/api/users/signin	undefined
20220920	08:02:30	86054fb4-b9e8-40dc-a5a4-922be141d848	POST	/api/users/signin	undefined
20220920	08:05:02	09c255d8-6b9b-4c82-b4b0-bf7d684ffeaa	GET	/api/users/signin	undefined
20220920	08:05:15	31ae1152-314c-44c9-a1c8-179e6889c4e3	GET	/api/users/profile	undefined
20220920	08:05:41	5547e47c-1175-4f66-ba80-647cbc970fbc	GET	/api/users/profile	undefined
20220920	08:05:42	46db72fe-f571-4f80-a5b7-efad006987d6	GET	/api/users/profile	undefined
20220920	08:05:43	943cbe42-96ab-4f6b-b264-8f5fa1d0aa3e	GET	/api/users/profile	undefined
20220920	08:05:44	f53217d5-a330-443a-9c02-094c458b7e0c	GET	/api/users/profile	undefined
20220920	08:05:44	e54435f4-fb7e-413a-8015-ace82958b012	GET	/api/users/profile	undefined
20220920	12:42:30	50450465-97cb-4866-808c-401e85999562	GET	/	undefined
20220920	12:42:30	b0b67a91-177d-404b-ab94-e9b88fe92c8e	GET	/css/style.css	undefined
20220920	12:42:31	d8b903d1-3314-414c-94bb-4f23af571c14	GET	/favicon.ico	undefined
20220920	12:42:39	81496b20-7a7d-4977-a457-05dd1a6034b6	GET	/api/products	undefined
20220920	12:44:03	3baa5503-91a3-4d58-9b8d-4473bb143153	GET	/api/products?limit=9&page=0	http://localhost:3000
20220920	12:44:03	a9e626d9-6664-491c-97af-8a21e80ffe7c	GET	/api/products?limit=9&page=0	http://localhost:3000
20220920	13:03:00	031da863-8571-43fc-9da4-a24a06de4d5c	GET	/api/products	http://localhost:3000
20220920	13:03:01	5bc3b25a-840b-4f99-9d99-9dcd8a886628	GET	/api/products	http://localhost:3000
20220920	13:03:05	579c3ad3-f29c-41a3-a7ad-3ffa61d2846a	GET	/api/products?limit=9&page=0	http://localhost:3000
20220920	13:03:06	389a9aa2-0ee4-4e87-bb5e-0aa76a1e7d75	GET	/api/products?limit=9&page=0	http://localhost:3000
20220920	13:47:36	18b92fc7-6b12-4f59-bd66-fc7d79f24d43	POST	/api/users	undefined
20220920	13:48:07	54960c6d-736a-46b6-a29a-309da249330c	POST	/api/users	undefined
20220920	13:48:56	1b3a61fc-f2f7-4fe5-8c00-e6a0784cf857	POST	/api/users	undefined
20220920	13:49:34	af5441d7-0f7b-4556-8ad5-f1d6245279c2	POST	/api/users	undefined
20220920	13:49:40	ff534d10-818b-4ba6-92a3-82539f5774be	POST	/api/users	undefined
20220920	13:50:44	b456ba84-840c-4207-99fe-87086bd7b118	POST	/api/users	undefined
20220920	13:51:21	47dc72ad-0a8f-4ea1-80fb-f02abceb3830	POST	/api/users	undefined
20220920	13:53:09	506f691b-72e9-4185-9a42-ba62305c0082	POST	/api/users/signin	undefined
20220920	14:00:06	c3dc48a7-46c0-40bb-bad4-8b7bd50fb181	GET	/api/products	http://localhost:3000
20220920	14:00:07	953b33ab-03dd-46be-ad2a-305ef27008dd	GET	/api/products	http://localhost:3000
20220920	14:05:38	b092a211-b084-4b2f-a8e3-8d6da43e7292	GET	/api/products?limit=9&page=0	http://localhost:3000
20220920	14:05:39	1855ee12-ec0b-49cc-ba63-f36929d161d2	GET	/api/products?limit=9&page=0	http://localhost:3000
20220920	14:05:43	47379ce4-4f43-40b2-b382-06c41dee3b28	GET	/api/products	http://localhost:3000
20220920	14:05:44	9e90da2a-f452-4742-a103-d00d72b03ea9	GET	/api/products	http://localhost:3000
20220920	14:05:47	ca83c91a-3722-4452-acaa-58e2944e98f7	GET	/api/products?limit=9&page=0	http://localhost:3000
20220920	14:05:48	c57ad430-fd44-452e-8d87-b01222e78b8f	GET	/api/products?limit=9&page=0	http://localhost:3000
20220920	14:56:48	883094c8-9895-434b-8a2f-1e8add4a807b	GET	/api/products?limit=9&page=0	http://localhost:3000
20220920	14:56:48	9cac4a9e-59f7-4d1d-93fd-b7570b688e38	GET	/api/products?limit=9&page=0	http://localhost:3000
20220920	15:00:31	d250a349-203f-492c-bf74-6218d0fcaa10	POST	/api/users/signin	undefined
20220920	15:01:15	f0197a0e-89a8-4d83-8ef1-f6c3f2be3f40	POST	/api/users/signin	undefined
20220920	15:20:05	e86435d2-eb5a-4146-a956-c64912a88b62	POST	/api/users/signin	undefined
20220920	15:21:52	b3c892f8-19f5-4db6-887d-5bf6b089331f	POST	/api/users/signin	undefined
20220920	15:26:34	4c598209-9fa8-418c-bd01-d8b288010cfc	GET	/api/products?limit=9&page=0	http://localhost:3000
20220920	15:26:34	bba78dad-761c-4bd5-893b-1571f05dc9fa	GET	/api/products?limit=9&page=0	http://localhost:3000
20220920	15:27:38	f1214681-f1b0-4542-918f-6903eb67ee5f	OPTIONS	/api/users/signin	http://localhost:3000
20220920	15:27:38	9bb3a27a-61f3-47be-a415-7737b21ed18c	POST	/api/users/signin	http://localhost:3000
20220920	15:27:39	33b8402f-8cc3-4352-b5fd-87cdb8b15bdc	GET	/api/products?limit=9&page=0	http://localhost:3000
20220920	15:27:39	641de94d-6622-47e3-92ef-969ec0601962	GET	/api/products?limit=9&page=0	http://localhost:3000
20220920	15:37:45	080f241c-6e29-4bde-9d8f-0aa8dda0deb9	GET	/api/products?limit=9&page=0	http://localhost:3000
20220920	15:37:45	607a1a45-6040-4cc1-9569-209690c69e5c	GET	/api/products?limit=9&page=0	http://localhost:3000
20220920	15:40:36	e05da985-0e87-458e-bb4b-09b41b46ff04	OPTIONS	/api/users/signin	http://localhost:3000
20220920	15:40:36	95f99b1f-c83a-4693-9209-bdb8401b3d24	POST	/api/users/signin	http://localhost:3000
20220920	15:40:37	5d109905-1d2b-4979-892a-7d373b318321	GET	/api/products?limit=9&page=0	http://localhost:3000
20220920	15:40:37	a1ab855d-80dd-4e12-a200-e3acc7e7bf69	GET	/api/products?limit=9&page=0	http://localhost:3000
20220920	15:40:45	d08b0673-5868-46dc-96d3-d80560414583	GET	/api/products?limit=9&page=0	http://localhost:3000
20220920	15:40:45	c7ba3dae-2079-4cb9-a036-b173832e025f	GET	/api/products?limit=9&page=0	http://localhost:3000
20220920	15:41:32	45a95f64-29cf-4b6b-b6fe-ba6478c4ffec	OPTIONS	/api/users/signin	http://localhost:3000
20220920	15:41:32	45b1b36d-c944-4f7f-a6dd-8a0afa6eb15a	POST	/api/users/signin	http://localhost:3000
20220920	15:41:33	df16036c-8fda-4117-b1d3-929994e8a235	GET	/api/products?limit=9&page=0	http://localhost:3000
20220920	15:41:33	4a27ce87-ad2a-4fd4-990a-573944c90d04	GET	/api/products?limit=9&page=0	http://localhost:3000
20220920	15:42:54	aa7f4a8f-60b8-466d-8609-55a75ee5a49f	OPTIONS	/api/users/signin	http://localhost:3000
20220920	15:42:54	6e1345eb-d0ca-40e3-bd85-ff848fdac8bf	POST	/api/users/signin	http://localhost:3000
20220920	15:42:55	97798b24-a362-47cb-8ffa-dc7b5a0ebd7c	GET	/api/products?limit=9&page=0	http://localhost:3000
20220920	15:42:55	0608ca5a-708f-4f95-b539-4a6636d1ee49	GET	/api/products?limit=9&page=0	http://localhost:3000
20220920	15:43:07	08a2ca89-0d08-425b-98b7-319f8b34eec5	OPTIONS	/api/users/signin	http://localhost:3000
20220920	15:43:07	535f280e-34c9-4472-9c5b-13a403a7cd20	POST	/api/users/signin	http://localhost:3000
20220920	15:43:07	314b0cd2-6b59-4805-b3f4-60f89e119e92	GET	/api/products?limit=9&page=0	http://localhost:3000
20220920	15:43:07	f51d1b22-754e-42c2-bfee-c8946d91b0a0	GET	/api/products?limit=9&page=0	http://localhost:3000
20220920	16:06:55	3076dd4f-09c5-4445-a853-d1274f85b106	GET	/api/products	http://localhost:3000
20220920	16:06:55	af77c081-d067-41c0-8bea-e89a862ebe91	GET	/api/products	http://localhost:3000
20220920	16:11:54	6675a7bf-742c-4f1b-8cc7-13e6079ad219	GET	/api/products?limit=9&page=0	http://localhost:3000
20220920	16:11:55	ca5e0fcb-6c4d-4b4a-8bac-299cc5eb86f2	GET	/api/products?limit=9&page=0	http://localhost:3000
20220920	16:37:20	8a992776-e103-4e99-b286-2f71d5b46ebc	OPTIONS	/api/users	http://localhost:3000
20220920	16:37:20	54cf3edd-b6d4-4f2c-b829-a07bc2383dc5	POST	/api/users	http://localhost:3000
20220920	16:56:29	b04b33bd-2d66-4aa3-89e2-1138907a5425	GET	/api/products?limit=9&page=0	http://localhost:3000
20220920	16:56:30	f1155d30-c2d8-4707-a5e9-ebff76693bfb	GET	/api/products?limit=9&page=0	http://localhost:3000
20220920	17:00:18	27bdcc71-545c-4149-a536-e26d0ab03039	OPTIONS	/api/users	http://localhost:3000
20220920	17:00:18	2c1761bc-5c12-451e-b0e7-cb451ee5a233	POST	/api/users	http://localhost:3000
20220920	17:00:54	fdf0fe71-e7a9-4d21-8bdc-ef6342b5a668	OPTIONS	/api/users	http://localhost:3000
20220920	17:00:54	9a8f4c66-01bc-470f-9c84-e9fca344093d	POST	/api/users	http://localhost:3000
20220920	17:01:39	b8e13601-47e0-4875-878c-9ebfd523567a	OPTIONS	/api/users	http://localhost:3000
20220920	17:01:39	f4c1d142-0b68-4e68-9f51-c83d0fcb6fd8	POST	/api/users	http://localhost:3000
20220920	17:05:18	a099f575-c4af-4754-8437-6509b9155a6f	OPTIONS	/api/users	http://localhost:3000
20220920	17:05:18	e96f8500-23b9-49de-bef7-31ab790a32c3	POST	/api/users	http://localhost:3000
20220920	17:07:55	235465b8-6585-4234-819f-14d8d36aaecf	GET	/api/products?limit=9&page=0	http://localhost:3000
20220920	17:07:55	b165287a-ff83-4952-8b13-0c1891f21f21	GET	/api/products?limit=9&page=0	http://localhost:3000
20220920	17:08:09	bf2c981f-50a4-42d1-919e-35e28a81ab8d	GET	/api/products	http://localhost:3000
20220920	17:08:10	4ebafa51-7bbd-429b-afce-2e87e975df58	GET	/api/products	http://localhost:3000
20220920	17:08:41	9a1c6985-30b8-4e3a-9f4d-4a9e9e16a40a	GET	/api/products?limit=9&page=0	http://localhost:3000
20220920	17:08:41	70ba9409-65e2-4958-8035-5d8debedca3c	GET	/api/products?limit=9&page=0	http://localhost:3000
20220920	17:08:52	b9c1f322-d77d-409c-9535-25baf9033589	GET	/api/products?limit=9&page=1	http://localhost:3000
20220920	17:08:53	00a1cb3d-7999-464e-bfc9-afc9c1f2ebd8	GET	/api/products?limit=9&page=3	http://localhost:3000
20220920	17:08:56	26de6743-c33c-484f-8a66-ea74818df310	GET	/api/products	http://localhost:3000
20220920	17:08:56	72003a53-31b4-44c9-aed3-d297d9404efc	GET	/api/products	http://localhost:3000
20220920	17:09:02	410c4de0-acf3-4769-b8e8-6cf572397011	GET	/api/products?limit=9&page=0	http://localhost:3000
20220920	17:09:02	653869f0-c1e3-4c39-9fbf-f733c8014520	GET	/api/products?limit=9&page=0	http://localhost:3000
20220920	17:09:05	d8993dc4-9963-41ff-832f-facf7bcb1a14	GET	/api/products?limit=9&page=0	http://localhost:3000
20220920	17:09:05	71f6ac75-5656-49e6-917d-bea2ca7e5aaa	GET	/api/products?limit=9&page=0	http://localhost:3000
20220920	17:12:02	ada8103b-32f0-4b00-b3bf-e61722af474e	GET	/api/products	http://localhost:3000
20220920	17:12:02	0df1a473-481b-4be7-8354-f30cfc98b90c	GET	/api/products	http://localhost:3000
20220920	17:12:48	c80ca8ec-905e-4069-a317-87509f85189c	GET	/api/products	http://localhost:3000
20220920	17:13:10	90a1860a-80ce-4731-9b37-0e5a4c4df770	GET	/api/products	http://localhost:3000
20220920	17:13:57	8a0ab0c6-4a7e-40c2-9f91-b62ecee33e9f	OPTIONS	/api/users	http://localhost:3000
20220920	17:13:57	2be42615-d504-47d2-8be2-efd196fca686	POST	/api/users	http://localhost:3000
20220920	17:15:48	2e5bf1c3-8269-47f7-b27d-769b33c42ea0	OPTIONS	/api/users	http://localhost:3000
20220920	17:15:48	0bb1782c-49f7-41b5-9eb0-2fa7aa32c692	POST	/api/users	http://localhost:3000
20220920	17:15:54	2fd1b635-0e60-43b8-85f2-7738b2ffc9a2	OPTIONS	/api/users	http://localhost:3000
20220920	17:15:54	f9de3b64-2a3d-4e8a-bd42-26a02988947c	POST	/api/users	http://localhost:3000
20220920	17:16:56	2158af09-c48e-4d5e-b1da-7e60e85dd59d	OPTIONS	/api/users	http://localhost:3000
20220920	17:16:56	7bb93cec-8a00-4d04-8627-ff7bbae4c34b	POST	/api/users	http://localhost:3000
20220920	17:25:30	dc3eb388-d371-404b-a7bd-ba04f22d67ab	OPTIONS	/api/users	http://localhost:3000
20220920	17:25:30	49de3359-d018-43d6-90de-4c246165dece	POST	/api/users	http://localhost:3000
20220920	17:25:35	4e67c728-a336-4c4c-add3-b989bf39e8bd	POST	/api/users	http://localhost:3000
20220920	17:26:37	a6cdad3c-9deb-4150-a699-d1c9140ed58b	OPTIONS	/api/users	http://localhost:3000
20220920	17:26:37	30ed8bbe-5178-44c3-a9db-0849b4d9e7fb	POST	/api/users	http://localhost:3000
20220920	17:26:48	1babb14d-b197-43a7-aad9-e6cca3460590	GET	/api/products?limit=9&page=0	http://localhost:3000
20220920	17:26:48	d0754493-c61f-4631-bbd5-36a6527476bb	GET	/api/products?limit=9&page=0	http://localhost:3000
20220920	18:36:34	51d34e97-6885-4f22-a21b-cf52fc113ca3	GET	/api/products?limit=9&page=0	http://localhost:3000
20220920	18:36:34	aaaeb0b2-1df8-4a1a-a93b-66299033cc08	GET	/api/products?limit=9&page=0	http://localhost:3000
20220920	18:38:10	6904a8f9-a978-4760-920f-7fd6aa374dbf	GET	/api/products	http://localhost:3000
20220920	18:38:10	ac091bad-1536-4c48-a232-c02183f16249	GET	/api/products	http://localhost:3000
20220920	18:38:14	b12751b7-084b-418d-86c8-7c5a655e8a25	GET	/api/products	http://localhost:3000
20220920	18:38:15	9bf2c081-fe9a-4155-a2ad-b4c52052570f	GET	/api/products	http://localhost:3000
20220920	18:38:39	30667dfd-de88-4cb2-a50a-eb1fe8957043	OPTIONS	/api/users/signin	http://localhost:3000
20220920	18:38:39	cd3016c7-68e4-4ddd-aef3-484b1fc3dc4e	POST	/api/users/signin	http://localhost:3000
20220920	18:38:40	d361af4b-2239-458f-a431-1be4d0d8e51a	GET	/api/products?limit=9&page=0	http://localhost:3000
20220920	18:38:40	97f270e4-9b6d-4694-aa56-f9eec80c58a4	GET	/api/products?limit=9&page=0	http://localhost:3000
20220920	18:38:44	51843e5a-ae45-452c-9145-0e2d253e928e	GET	/api/products?limit=9&page=0	http://localhost:3000
20220920	18:38:44	a330ffd4-9ed1-4d4d-9522-33fd13a7c7b3	GET	/api/products?limit=9&page=0	http://localhost:3000
20220920	18:40:07	729b6989-b18c-47bd-afa3-8c7c3a2170af	GET	/api/products	http://localhost:3000
20220920	18:40:08	2f4d2b2f-816c-4402-b9c6-671b30382771	GET	/api/products	http://localhost:3000
20220920	18:46:18	de48a978-f9b7-4e56-a471-b67a012c0c00	GET	/api/products	http://localhost:3000
20220920	18:46:19	9633420d-01c7-48b0-99e1-42f161f8beb8	GET	/api/products	http://localhost:3000
20220920	18:52:56	e1d99d35-f63c-4c47-9678-fba0446bc764	POST	/api/comment	undefined
20220920	18:53:51	555ed1dd-ccfd-449a-9d0d-5198ab8a0f2b	POST	/api/comment	undefined
20220920	18:55:18	6c945548-a01e-4478-918f-23d4013e1142	POST	/api/comment	undefined
20220920	18:55:33	1ad7c352-dd25-4c95-ad88-f69281806373	GET	/api/products?limit=9&page=0	http://localhost:3000
20220920	18:55:34	044f337e-838e-4764-9320-a37d5bf5fbf5	GET	/api/products?limit=9&page=0	http://localhost:3000
20220920	18:55:37	28326dd7-ba2e-46e0-ba1c-f2e6a3c01155	GET	/api/products	http://localhost:3000
20220920	18:55:37	ddc2bd85-032e-4722-b01a-c092095cd88a	GET	/api/products	http://localhost:3000
20220920	18:56:00	88c4616a-5c20-410a-b058-62f1793d143b	POST	/api/comment	undefined
20220920	18:56:11	77d50c7b-9f66-4312-bc7a-3e3b05b73a7c	GET	/api/products?limit=9&page=0	http://localhost:3000
20220920	18:56:12	5855df1a-07f5-4358-99cf-fcc73d6ac865	GET	/api/products?limit=9&page=0	http://localhost:3000
20220920	19:00:39	6020dfe5-cae0-4d80-9d34-0f8b4e307132	GET	/api/products?limit=9&page=0	http://localhost:3000
20220920	19:00:40	ec5a1369-55f2-4f42-8b1f-a3cd0e8b190b	GET	/api/products?limit=9&page=0	http://localhost:3000
20220920	19:03:16	0fe38048-dfea-4b5f-99d4-1078c5d3c944	OPTIONS	/api/users	http://localhost:3000
20220920	19:03:16	9fbe5f5c-995b-454f-ae69-a414691a2a86	POST	/api/users	http://localhost:3000
20220920	19:03:32	f096633a-846c-4c79-984d-9dfe99486dbd	OPTIONS	/api/users/signin	http://localhost:3000
20220920	19:03:32	e1c932d0-811f-4b6e-98e9-0464183915ac	POST	/api/users/signin	http://localhost:3000
20220920	19:03:33	c1effd59-9f3c-49bd-9695-06cf63fdebc3	GET	/api/products?limit=9&page=0	http://localhost:3000
20220920	19:03:33	b51551a2-0559-4ef1-b535-16085a7ad76b	GET	/api/products?limit=9&page=0	http://localhost:3000
20220920	19:09:26	7a028e36-9b9f-4cf7-89cc-481474821bea	GET	/api/products	http://localhost:3000
20220920	19:09:27	8a11de72-43fa-4a9a-ad58-e6ef47a7e13b	GET	/api/products	http://localhost:3000
20220920	19:09:31	23d8e456-2b38-4d26-bbc4-06ebd6c6e14c	GET	/api/products	http://localhost:3000
20220920	19:09:31	5787d27d-0775-4813-b012-b2577254979e	GET	/api/products	http://localhost:3000
20220920	19:09:32	1af1c227-41d6-46f2-9260-7feca512abde	GET	/api/products?limit=9&page=0	http://localhost:3000
20220920	19:09:32	9af5fa31-929a-40dc-b2c1-317539a41e8e	GET	/api/products?limit=9&page=0	http://localhost:3000
20220920	19:09:33	628ec970-ad1e-4598-953a-d996563b2e36	GET	/api/products	http://localhost:3000
20220920	19:09:33	b6a8a640-1439-4613-807f-a37c5c617fc8	GET	/api/products	http://localhost:3000
20220920	19:10:20	572ba5d9-5736-45b9-843f-d331cf3816d5	GET	/api/products	http://localhost:3000
20220920	19:10:21	de53a839-9781-4e23-adbb-bef9b84cbeb0	GET	/api/products?limit=9&page=0	http://localhost:3000
20220920	19:10:21	1c2d2c86-776a-4b88-a4d6-14f03d3575be	GET	/api/products?limit=9&page=0	http://localhost:3000
20220920	19:10:22	5b84c6ab-c1c0-4b09-878f-b2a3b589c5c6	GET	/api/products?limit=9&page=0	http://localhost:3000
20220920	19:10:22	c7381aae-624a-4e7a-9840-0f560101a95c	GET	/api/products?limit=9&page=0	http://localhost:3000
20220920	19:10:24	19456324-0dc7-4076-acc3-a4bc2cc51acf	GET	/api/products	http://localhost:3000
20220920	19:10:26	d196a5e2-1f4e-4253-ba93-91d1b6ed634a	GET	/api/products	http://localhost:3000
20220920	19:10:34	166843c6-c14b-4d1e-b50a-b7253d87989d	OPTIONS	/api/comment	http://localhost:3000
20220920	19:10:34	7be867b2-6c55-4da0-9827-a2d24c272c66	POST	/api/comment	http://localhost:3000
20220920	19:11:11	4ab1e3da-a923-41d6-8d10-91540acf7032	GET	/api/products	http://localhost:3000
20220920	19:11:21	f2ea1e1a-2c8f-44b4-aee9-7cb808622c50	OPTIONS	/api/comment	http://localhost:3000
20220920	19:11:21	f3bd567e-a28c-4a6a-b844-3a480578fd09	POST	/api/comment	http://localhost:3000
20220920	19:14:09	230b5787-242a-49bb-9885-be4dd30307d7	GET	/api/comment/single?productId=6327f79cea82c60023e2e46e	undefined
20220920	19:14:47	34cfb2ef-651a-4673-98c9-6b457fdfed84	GET	/api/comment/single?id=6327f79cea82c60023e2e46e	undefined
20220920	19:18:02	44360bbb-559e-464a-80da-5e8c954c62ef	GET	/api/comment/single?id=6327f79cea82c60023e2e46e	undefined
20220920	19:18:50	4448faf8-a574-4656-b138-3f3b5bbb70dc	GET	/api/comment/	undefined
20220920	19:19:23	4b6db4a5-126a-4855-a663-9290d239c5c1	GET	/api/comment/single	undefined
20220920	19:21:07	386a1d26-85db-4e75-bf19-5a800c0960fa	GET	/api/comment/single?id=6327f79cea82c60023e2e46e%0A	undefined
20220920	19:24:14	b5eaa843-44a7-434c-a5b6-b12873b9b3fb	GET	/api/comment/single?id=6327f79cea82c60023e2e46e%0A	undefined
20220920	19:25:49	e52c7bb2-29a3-45a1-ba86-e54a252ba8ce	GET	/api/comment/single?id=6327f79cea82c60023e2e46e%0A	undefined
20220920	19:26:56	79d472ec-b03f-4dcb-92de-34ddfe9e4d20	GET	/api/comment/single?id=6327f79cea82c60023e2e46e%0A	undefined
20220920	19:30:36	bfac9d26-9265-47b5-b05c-f57c8bcf55b6	GET	/api/comment/single	undefined
20220920	19:31:21	21ec1416-916e-4672-ac80-2f48e37c563f	GET	/api/comment/single?id=6327f79cea82c60023e2e46e	undefined
20220920	19:31:59	f0df37c2-5ab2-4789-93f9-25268ba22b4f	GET	/api/comment/single?productId=6327f79cea82c60023e2e46e	undefined
20220920	19:32:46	7babf450-9cc8-4f11-a742-3e8d40b4e7c5	GET	/api/products?limit=9&page=0	http://localhost:3000
20220920	19:32:46	327098eb-9056-489d-b248-0fbce3172e85	GET	/api/products?limit=9&page=0	http://localhost:3000
20220920	19:32:48	9b60bea0-faaf-4fe3-a13c-b6384f290477	GET	/api/products	http://localhost:3000
20220920	19:32:48	829d91e5-ddb5-4ee3-96ac-b7af78062ea9	GET	/api/products	http://localhost:3000
20220920	19:32:53	18240233-cf89-4c96-b80b-822f0b9dfff5	OPTIONS	/api/comment	http://localhost:3000
20220920	19:32:53	2c216fd9-3016-4018-add1-caaadefafb09	POST	/api/comment	http://localhost:3000
20220920	19:33:05	7e36013d-96ff-4a61-a489-3697aa812029	GET	/api/comment/single?productId=6327f79cea82c60023e2e46f	undefined
20220920	19:36:37	baa0a58e-75bb-46bc-a083-9f99141059aa	GET	/api/products	http://localhost:3000
20220920	19:36:37	07132f91-3c1f-4a6b-a85a-958027c22db6	GET	/api/comment?productId=6327f79cea82c60023e2e46f	http://localhost:3000
20220920	19:36:37	d81ea4f4-2848-4802-b73d-ba5a3277ad60	GET	/api/comment?productId=6327f79cea82c60023e2e46f	http://localhost:3000
20220920	19:36:38	2adf9100-e77e-466e-b3bf-0a1765fc0a33	GET	/api/products	http://localhost:3000
20220920	19:38:51	23396b34-fa84-46c0-925d-608e603c3686	GET	/api/products	http://localhost:3000
20220920	19:38:51	7a51f04d-3055-42bf-a07d-977a2d875484	GET	/api/comment?productId=6327f79cea82c60023e2e46f	http://localhost:3000
20220920	19:38:52	abac3288-1a79-4cb8-b361-8d43f90093d9	GET	/api/products?limit=9&page=0	http://localhost:3000
20220920	19:38:52	3325ce5c-d88a-403f-9a3b-f2dc3904657f	GET	/api/products?limit=9&page=0	http://localhost:3000
20220920	19:38:55	3646f2ce-4702-4e18-976d-82151c8339a7	GET	/api/products?limit=9&page=0	http://localhost:3000
20220920	19:38:55	61e633cd-7fef-41e7-870a-625db9ce2b8f	GET	/api/products?limit=9&page=0	http://localhost:3000
20220920	19:38:57	88bb09d1-b8f1-4da6-942f-fcef26483c2d	GET	/api/products	http://localhost:3000
20220920	19:38:57	51b9f60b-758c-4392-ad35-bef30df362d3	GET	/api/comment?productId=6327f79cea82c60023e2e46e	http://localhost:3000
20220920	19:38:57	c4372d05-2e9f-4547-9865-ed7905ba66d7	GET	/api/comment?productId=6327f79cea82c60023e2e46e	http://localhost:3000
20220920	19:38:57	f4060271-c1fc-4d9f-ac03-2c7c480cf74d	GET	/api/products	http://localhost:3000
20220920	19:39:10	75a60ff6-398d-4ceb-b154-549322cef502	GET	/api/products?limit=9&page=0	http://localhost:3000
20220920	19:39:11	20bfe4af-101a-44a6-9d5d-b97558c96b38	GET	/api/products?limit=9&page=0	http://localhost:3000
20220920	19:39:12	d9694a3e-d064-46fe-a98e-ee7a3a802c99	GET	/api/products	http://localhost:3000
20220920	19:39:12	6557dedc-e19c-467d-a605-fbb1c3668fa7	GET	/api/comment?productId=6327f79cea82c60023e2e46f	http://localhost:3000
20220920	19:39:12	f6ea47e8-6965-4d4b-a167-b06dfe3251e1	GET	/api/comment?productId=6327f79cea82c60023e2e46f	http://localhost:3000
20220920	19:39:12	7e524bc6-5e74-41a0-a6d6-bd5fa8694631	GET	/api/products	http://localhost:3000
20220920	19:39:52	d7b932c7-c7cf-494e-a0cd-01e5b6e1a0ef	GET	/api/products	http://localhost:3000
20220920	19:39:52	ecb5ecbd-007a-4393-b6f0-f280cc497a80	GET	/api/comment/single?productId=6327f79cea82c60023e2e46f	http://localhost:3000
20220920	19:39:59	784ed475-0932-40f7-afee-2d1236121d1e	GET	/api/products?limit=9&page=0	http://localhost:3000
20220920	19:39:59	4d278f16-da1c-447b-b441-44de013ce1e9	GET	/api/products?limit=9&page=0	http://localhost:3000
20220920	19:40:02	8a465a32-e117-4345-9a60-619242cd64f2	GET	/api/products	http://localhost:3000
20220920	19:40:02	ded8aa97-a37c-4c72-8417-a98f256b9129	GET	/api/comment/single?productId=6327f79cea82c60023e2e475	http://localhost:3000
20220920	19:40:02	c4bb2ecc-5c9c-4c2e-b5f6-32132fc5a971	GET	/api/comment/single?productId=6327f79cea82c60023e2e475	http://localhost:3000
20220920	19:40:02	cf8bbaf0-d1f9-45a0-8e76-3a0f997d02df	GET	/api/products	http://localhost:3000
20220920	19:41:32	7afe725a-68a1-4884-959e-7c9ea8c0a389	GET	/api/products	http://localhost:3000
20220920	19:41:32	f68da337-accf-4e27-86a6-5902f0ba66d8	GET	/api/comment/single?productId=6327f79cea82c60023e2e475	http://localhost:3000
20220920	19:41:32	0d99a75e-6997-4dea-b0a6-d3f0c77fc4b4	GET	/api/comment/single?productId=6327f79cea82c60023e2e475	http://localhost:3000
20220920	19:41:33	bbd85ed8-d1fb-4c54-9247-334d0f11e698	GET	/api/products	http://localhost:3000
20220920	19:42:10	82ddd590-23cb-44bc-99fb-a302dfb905d1	GET	/api/products	http://localhost:3000
20220920	19:42:10	058d6c99-2192-4c8e-9fb0-fe290919d24c	GET	/api/comment/single?productId=6327f79cea82c60023e2e475	http://localhost:3000
20220920	19:42:31	c1ee0ac7-41cd-4c03-bc98-bb1f9713a27c	GET	/api/products	http://localhost:3000
20220920	19:42:31	5ce0ddf5-9257-481d-8c69-c6bd95ae3629	GET	/api/comment/single?productId=6327f79cea82c60023e2e475	http://localhost:3000
20220920	19:43:25	2379613f-2d65-4d39-9464-295055cc063f	GET	/api/products	http://localhost:3000
20220920	19:43:25	f065391c-d388-4ebc-b835-d4f33da6b99b	GET	/api/comment/single?productId=6327f79cea82c60023e2e475	http://localhost:3000
20220920	19:44:06	0265b982-22dc-4498-b17c-2ce7c6288f98	GET	/api/comment/single?productId=6327f79cea82c60023e2e475	http://localhost:3000
20220920	19:44:06	5af8b5d3-b24f-4f47-8f3f-51bb810dad42	GET	/api/products	http://localhost:3000
20220920	19:44:37	fb3e245f-ea21-4779-b82f-bafdfb824244	GET	/api/products	http://localhost:3000
20220920	19:44:37	b9e7d702-bc00-47a6-b02a-134fc998ac13	GET	/api/comment/single?productId=6327f79cea82c60023e2e475	http://localhost:3000
20220920	19:46:07	539380d9-12d8-4991-a9d6-91931b45875f	GET	/api/products	http://localhost:3000
20220920	19:46:07	331fcc96-d776-4e96-8c9f-8f362f16c1d0	GET	/api/comment/single?productId=6327f79cea82c60023e2e475	http://localhost:3000
20220920	19:46:46	35e8a93a-1fee-49b7-807b-3c460ab82fcd	GET	/api/products	http://localhost:3000
20220920	19:46:46	e7e71573-aafb-41f3-ab63-c390059b25f6	GET	/api/comment/single?productId=6327f79cea82c60023e2e475	http://localhost:3000
20220920	19:47:31	0871f7a0-4f98-45ce-b5bd-c1ddebd0a43a	GET	/api/products	http://localhost:3000
20220920	19:47:31	2efa31d4-482b-4980-8786-d5bd6a83aeb9	GET	/api/comment/single?productId=6327f79cea82c60023e2e475	http://localhost:3000
20220920	19:49:01	e7220489-15d0-44ef-a6f3-5beb5cfcbd78	GET	/api/products	http://localhost:3000
20220920	19:49:01	e7e71a9b-2f73-4e9f-b843-04d97ed233f6	GET	/api/comment/single?productId=6327f79cea82c60023e2e475	http://localhost:3000
20220920	19:49:36	79df69ef-0137-4e40-8fef-6338d534b4c7	GET	/api/products	http://localhost:3000
20220920	19:49:36	3b4db555-bd19-4fe8-a0f9-18539d672570	GET	/api/comment/single?productId=6327f79cea82c60023e2e475	http://localhost:3000
20220920	19:49:57	77e8d31e-97e5-4359-a3ee-ed3654458378	GET	/api/products?limit=9&page=0	http://localhost:3000
20220920	19:50:00	405b1f5b-36c7-49f7-a2ad-4d5001c06a29	GET	/api/products?limit=9&page=0	http://localhost:3000
20220920	19:50:08	a9e8c682-e319-40d0-8859-314cfab54fe8	GET	/api/products?limit=9&page=0	http://localhost:3000
20220920	19:50:28	7ebd22f9-b82a-42d5-84c5-10d49f8d9a75	GET	/api/products?limit=9&page=0	http://localhost:3000
20220920	19:50:34	fb32288d-a414-4043-bada-4923a3b276bf	GET	/api/products?limit=9&page=0	http://localhost:3000
20220920	19:50:35	d954118b-a6b4-4125-9cb9-c381976c1553	GET	/api/products?limit=9&page=0	http://localhost:3000
20220920	19:50:39	7d5cf994-78cd-492e-8897-1d7021475d38	GET	/api/products	http://localhost:3000
20220920	19:50:39	26532916-bb62-45a1-a8d7-68f370c03576	GET	/api/comment/single?productId=6327f79cea82c60023e2e46e	http://localhost:3000
20220920	19:50:39	4fe061ac-7b83-43f2-8551-419334663f63	GET	/api/comment/single?productId=6327f79cea82c60023e2e46e	http://localhost:3000
20220920	19:50:40	fd4343f6-cbb2-43d9-af07-e62962804057	GET	/api/products	http://localhost:3000
20220920	19:51:13	4757cdb3-335c-4032-a2ea-3889a459180e	OPTIONS	/api/comment	http://localhost:3000
20220920	19:51:13	72270b1e-0da7-49c2-a668-b9f2e21ec8f8	POST	/api/comment	http://localhost:3000
20220920	19:52:21	51c0b155-6946-4aec-abc8-d7938aa2b3b3	GET	/api/products	http://localhost:3000
20220920	19:52:21	0f72f803-a257-43d1-8382-e1238bf5c4bb	GET	/api/comment/single?productId=6327f79cea82c60023e2e46e	http://localhost:3000
20220920	19:52:21	9f036c13-f1a9-4551-bfe8-20b961890560	GET	/api/comment/single?productId=6327f79cea82c60023e2e46e	http://localhost:3000
20220920	19:52:21	36dcc55b-5cd2-499a-a6b7-4fa2301c8c92	GET	/api/products	http://localhost:3000
20220920	19:52:49	d0c41e96-f238-44fc-9f6e-71d2ba606242	GET	/api/products	http://localhost:3000
20220920	19:52:49	59e9a6a6-834a-4cb5-a11b-09ba24362774	GET	/api/comment/single?productId=6327f79cea82c60023e2e46e	http://localhost:3000
20220920	19:52:58	14714e7f-0125-4136-8257-e3784a27edd3	GET	/api/products?limit=9&page=0	http://localhost:3000
20220920	19:52:59	223370b1-c616-4953-8016-c119b11e01c4	GET	/api/products?limit=9&page=0	http://localhost:3000
20220920	19:53:00	7210512c-f6f0-43b0-94a7-a3d692d3b263	GET	/api/products	http://localhost:3000
20220920	19:53:00	c6ef74c5-094f-4a1c-8c1c-12cd76aa8d89	GET	/api/comment/single?productId=6327f79cea82c60023e2e475	http://localhost:3000
20220920	19:53:00	2bda23c6-e30f-4527-80f4-f352a49622eb	GET	/api/comment/single?productId=6327f79cea82c60023e2e475	http://localhost:3000
20220920	19:53:01	88839480-56aa-4bdf-ab11-a9d084a294d3	GET	/api/products	http://localhost:3000
20220920	19:53:18	b7bd32cd-5796-4069-a285-61a47b797af4	OPTIONS	/api/comment	http://localhost:3000
20220920	19:53:18	e945bd73-4d7e-4b67-9601-de4586276009	POST	/api/comment	http://localhost:3000
20220920	19:53:19	6be7531d-1a3d-4b84-a409-6c1c15f31b6b	GET	/api/comment/single?productId=6327f79cea82c60023e2e475	http://localhost:3000
20220920	19:53:40	ecb65cfb-dd85-42b1-ac89-8b5d1874a439	GET	/api/products	http://localhost:3000
20220920	19:53:40	285d1449-58f0-4fd4-8ed7-0abf9ee9ac85	GET	/api/comment/single?productId=6327f79cea82c60023e2e475	http://localhost:3000
20220920	19:53:45	91020618-62af-4bd8-8ad7-1f7413aa129d	GET	/api/products?limit=9&page=0	http://localhost:3000
20220920	19:53:45	c6463b0c-75e6-4815-a9a2-ccd4021fb0e4	GET	/api/products?limit=9&page=0	http://localhost:3000
20220920	19:53:59	6b3fe407-2340-47dd-a48a-6eeb07b1168a	GET	/api/products	http://localhost:3000
20220920	19:53:59	12f76469-ff6a-442e-ac2c-cd43ba594e1e	GET	/api/comment/single?productId=6327f79cea82c60023e2e46f	http://localhost:3000
20220920	19:54:00	c5723567-7b2a-43b4-a1c2-d99538141560	GET	/api/comment/single?productId=6327f79cea82c60023e2e46f	http://localhost:3000
20220920	19:54:00	ab006c4d-ea7d-412a-906d-09f3efae41a1	GET	/api/products	http://localhost:3000
20220920	19:54:04	7a681d77-57e8-4482-a0df-1b3ef2580bd8	GET	/api/products?limit=9&page=0	http://localhost:3000
20220920	19:54:04	5ae7e376-ad5a-45e5-be1a-6c8bf304b43c	GET	/api/products?limit=9&page=0	http://localhost:3000
20220920	20:01:49	3eca666c-44df-49c6-8b56-55efba113e91	GET	/api/products?limit=9&page=0	http://localhost:3000
20220920	20:01:50	8f8fe967-8a38-4d9b-8e22-12217b26291a	GET	/api/products?limit=9&page=0	http://localhost:3000
20220920	20:03:22	ecda6017-4b21-43d0-bee4-165672f7d83f	GET	/api/products?limit=9&page=0	http://localhost:3000
20220920	20:03:23	4dbf57a8-0acc-4180-8963-cfb15007e653	GET	/api/products?limit=9&page=0	http://localhost:3000
20220920	20:08:31	c6586a78-cd15-49a2-ae82-c1111961f822	GET	/api/products?limit=9&page=0	http://localhost:3000
20220920	20:08:33	120d1c4a-b399-48a4-9d35-b0f17ba93cc9	GET	/api/products?limit=9&page=0	http://localhost:3000
20220920	20:08:34	09f0dc2c-e91c-402a-a299-1740eabc3886	OPTIONS	/api/users/signin	http://localhost:3000
20220920	20:08:34	fc476f58-4722-4ce6-962f-250a327f9105	POST	/api/users/signin	http://localhost:3000
20220920	20:08:35	e70fad89-487b-484a-aaca-fb6418758779	GET	/api/products?limit=9&page=0	http://localhost:3000
20220920	20:08:35	b6af16de-38c3-4134-95a7-bf0cfd741700	GET	/api/products?limit=9&page=0	http://localhost:3000
20220920	20:38:31	9211fd48-561a-4081-9d54-35845b4073cd	GET	/api/products?limit=9&page=0	http://localhost:3000
20220920	20:38:32	cd650631-04bc-4fb9-aaf5-ac0f77e12d3b	GET	/api/products?limit=9&page=0	http://localhost:3000
20220920	20:40:42	658fd0e2-8be1-49e0-9596-58ed0c684626	GET	/api/products?limit=9&page=0	http://localhost:3000
20220920	20:40:42	1daa08f6-ec9d-4a7e-a71d-2a973f6f65ce	GET	/api/products?limit=9&page=0	http://localhost:3000
20220920	20:41:11	c99faf1d-649f-4c97-9243-597c451758a4	GET	/api/products?limit=9&page=0	http://localhost:3000
20220920	20:41:11	fe0b6ad6-dc89-402d-b039-a55dd506352e	GET	/api/products?limit=9&page=0	http://localhost:3000
20220920	20:42:34	600efd70-2de3-4752-a400-3a00c1dbdb3f	GET	/api/products?limit=9&page=0	http://localhost:3000
20220920	20:42:34	d8e21209-960c-400d-8332-a7c7adde715c	GET	/api/products?limit=9&page=0	http://localhost:3000
20220920	20:45:21	a8faae72-707d-408a-872f-f120dc721f56	GET	/api/products?limit=9&page=0	http://localhost:3000
20220920	20:45:21	f57818aa-5b36-468c-99fa-f5121ba0b01f	GET	/api/products?limit=9&page=0	http://localhost:3000
20220920	20:49:34	b6a9c26d-ed62-496c-a578-3a1e7ba93744	GET	/api/products?limit=9&page=0	http://localhost:3000
20220920	20:49:34	36dfd4e4-05a9-488d-9286-65247e814f25	GET	/api/products?limit=9&page=0	http://localhost:3000
20220920	21:31:04	6a7b9d0a-0ddb-4ce9-9a3b-dfd8a2c06f35	OPTIONS	/api/products	http://localhost:3000
20220920	21:31:04	b7c2c97f-f274-452c-9a04-9de0f9668459	POST	/api/products	http://localhost:3000
20220920	21:36:34	965cd2d6-94e3-49c7-afec-b40b41b5c991	OPTIONS	/api/products	http://localhost:3000
20220920	21:36:34	ceeabdd3-ccfe-4d9f-9534-fddbf42e0430	POST	/api/products	http://localhost:3000
20220920	21:36:35	7c146fc5-656c-48ee-b092-829369193d46	GET	/api/products	http://localhost:3000
20220920	21:36:36	d4bd6fdd-6d17-43c1-a435-6e3980d2f17a	GET	/api/products?limit=9&page=0	http://localhost:3000
20220920	21:36:36	1355b25f-ab49-4bf1-a68e-28c1d219e7f5	GET	/api/products?limit=9&page=0	http://localhost:3000
20220920	21:36:53	a55abf17-90de-42bb-a0f3-0294b5afb380	GET	/api/products?limit=9&page=0	http://localhost:3000
20220920	21:36:54	a02f0672-291c-4da5-840a-86ec12742147	GET	/api/products?limit=9&page=0	http://localhost:3000
20220920	21:36:57	8c10ed0d-f46d-4c4d-b37c-89313df74617	GET	/api/products?limit=9&page=10	http://localhost:3000
20220920	21:40:08	c7dbfd1e-01fa-4e5a-9724-b700f2a9708f	GET	/api/products?limit=9&page=0	http://localhost:3000
20220920	21:40:09	596c04fb-f348-4510-bf6f-a88dfa3f2f6a	GET	/api/products?limit=9&page=0	http://localhost:3000
20220920	21:40:17	674934e4-946e-413b-a5d5-5489873a54b1	GET	/api/products?limit=9&page=10	http://localhost:3000
20220920	21:41:42	58ec79d3-b45f-4a1a-8272-b3faa295c261	GET	/api/products?limit=9&page=0	http://localhost:3000
20220920	21:41:42	d2e2cfac-64a8-41d9-890f-f152a1e19613	GET	/api/products?limit=9&page=0	http://localhost:3000
20220920	21:42:00	4d12bf55-2954-4442-9f3b-eab6df18bbbc	GET	/api/products?limit=9&page=0	http://localhost:3000
20220920	21:42:01	96ec932f-fdff-4291-8110-d1025d996eb0	GET	/api/products?limit=9&page=0	http://localhost:3000
20220920	21:42:52	1c9a0c5e-974f-4423-b639-e198ec83de4c	GET	/api/products?limit=9&page=0	http://localhost:3000
20220920	21:42:52	708acf38-cba3-4090-83d2-1ccdc5d8e6d3	GET	/api/products?limit=9&page=0	http://localhost:3000
20220920	21:43:18	d57edc77-286c-4f03-9407-a941a6358bf2	GET	/api/products	http://localhost:3000
20220920	21:43:18	19733d35-ac59-4bdc-9be4-f97b18c0961a	GET	/api/comment/single?productId=6327f79cea82c60023e2e471	http://localhost:3000
20220920	21:43:18	51335c92-d523-4d62-a6c2-67930f59a0e5	GET	/api/comment/single?productId=6327f79cea82c60023e2e471	http://localhost:3000
20220920	21:43:19	4b636c2a-23f1-43ee-975e-8ad0215ce449	GET	/api/products	http://localhost:3000
20220920	21:45:02	757c2ed8-eadf-42bd-8a77-434a3dc86c7d	GET	/api/products?limit=9&page=0	http://localhost:3000
20220920	21:45:02	c89234fe-0ed5-488d-a772-d1cb37c71d6b	GET	/api/products?limit=9&page=0	http://localhost:3000
20220920	21:45:03	f0ff20d4-6414-4a16-97c3-e739441dc8e6	GET	/api/products	http://localhost:3000
20220920	21:45:03	117787b8-3857-41ff-a35c-7f8fb85715f3	GET	/api/comment/single?productId=6327f79cea82c60023e2e46e	http://localhost:3000
20220920	21:45:03	3db6deb9-e668-4999-af02-c4d894875cb4	GET	/api/comment/single?productId=6327f79cea82c60023e2e46e	http://localhost:3000
20220920	21:45:03	d7f29983-d808-408b-a93b-b8f963b91e72	GET	/api/products	http://localhost:3000
20220920	21:45:50	3c0b6c09-4f45-4bc4-b93e-1c3e3ceafd7e	GET	/api/products	http://localhost:3000
20220920	21:45:50	28c1cfe0-cadb-460d-a233-81986e79191e	GET	/api/comment/single?productId=6327f79cea82c60023e2e46e	http://localhost:3000
20220920	21:45:50	f658995f-1ec3-433e-b09b-a91fc15c2db4	GET	/api/comment/single?productId=6327f79cea82c60023e2e46e	http://localhost:3000
20220920	21:45:50	45631c2c-3b63-4995-ac1b-dddbc52dd4c3	GET	/api/products	http://localhost:3000
20220920	21:47:24	cb2a8073-cda7-420a-af92-1de88132657a	GET	/api/products?limit=9&page=0	http://localhost:3000
20220920	21:47:24	5f32c120-d2ab-4717-ac29-d95743758d9a	GET	/api/products?limit=9&page=0	http://localhost:3000
20220920	21:53:48	5963c4c6-9670-4af0-951c-16a7e942abdf	GET	/api/products?limit=9&page=0	http://localhost:3000
20220920	21:53:48	94b75293-79cf-434a-9136-b9eb3ba7300d	GET	/api/products?limit=9&page=0	http://localhost:3000
20220920	21:54:01	ad91b473-eabf-479d-9cd3-7bf003d0c7d1	GET	/api/products?limit=9&page=0	http://localhost:3000
20220920	21:54:01	bfb3c880-2902-4377-a4b1-e7061e88bd11	GET	/api/products?limit=9&page=0	http://localhost:3000
20220920	21:55:37	6521eee1-5672-4c1f-8d22-9d3f9ce327aa	GET	/api/products?limit=9&page=0	http://localhost:3000
20220920	21:55:37	c71f27f8-ea6b-49d1-a3c8-fedd95954cce	GET	/api/products?limit=9&page=0	http://localhost:3000
20220920	21:59:53	cb686b1a-0342-41ee-ad32-e9ea8b73f764	GET	/api/products?limit=9&page=0	http://localhost:3000
20220920	21:59:53	d25992e9-9f38-4feb-bd53-95e8d1d9507f	GET	/api/products?limit=9&page=0	http://localhost:3000
20220920	21:59:57	a99d58bc-86aa-4589-8335-e3e473b757f4	GET	/api/products	http://localhost:3000
20220920	21:59:57	ddcd2a61-f0e4-4827-9de4-bfe4149937db	GET	/api/comment/single?productId=6327f79cea82c60023e2e46f	http://localhost:3000
20220920	21:59:57	00e98f4a-04f3-46b8-b7e0-9b5efb7b420b	GET	/api/comment/single?productId=6327f79cea82c60023e2e46f	http://localhost:3000
20220920	21:59:57	4d25a689-ff0d-4031-b7d5-bc21bc1cad82	GET	/api/products	http://localhost:3000
20220920	22:00:02	53d70815-0a1d-40af-ad52-1573a034da9b	OPTIONS	/api/comment	http://localhost:3000
20220920	22:00:02	3dbdd328-755a-4d40-854d-9116fc5074da	POST	/api/comment	http://localhost:3000
20220920	22:00:03	6eb9bbda-7476-42d7-a15c-59840bf3889b	GET	/api/comment/single?productId=6327f79cea82c60023e2e46f	http://localhost:3000
20220920	22:00:09	f7593074-87a8-4091-98a5-9573469663bf	GET	/api/products?limit=9&page=0	http://localhost:3000
20220920	22:00:09	4572f7df-a2f4-4dad-bb3a-7f668a8b0a50	GET	/api/products?limit=9&page=0	http://localhost:3000
20220920	22:00:14	a65aa959-b4ae-4720-b0a0-27c14e46a897	GET	/api/products?limit=9&page=0	http://localhost:3000
20220920	22:00:14	cc4aa3d5-dfeb-4a49-b15d-9ae890084c84	GET	/api/products?limit=9&page=0	http://localhost:3000
20220920	22:00:19	e9a55ef0-7327-400e-a863-f3299c4a9497	OPTIONS	/api/users/signin	http://localhost:3000
20220920	22:00:19	613ebded-8934-4dc0-bb42-bb8ff974073d	POST	/api/users/signin	http://localhost:3000
20220920	22:00:20	eae625c5-f0a8-467a-8eff-3ce40c69a796	GET	/api/products?limit=9&page=0	http://localhost:3000
20220920	22:00:20	86df18c7-cb38-4f98-bf1e-e826960aa030	GET	/api/products?limit=9&page=0	http://localhost:3000
20220920	22:01:46	7d8d0317-4188-456a-ba7a-13f21146d3ab	GET	/api/products?limit=9&page=0	http://localhost:3000
20220920	22:01:46	ca3a36c0-1d20-4628-9633-1b64f92517cd	GET	/api/products?limit=9&page=0	http://localhost:3000
20220920	22:01:49	6a29922f-e363-4c9f-99f9-bcf855e423dd	GET	/api/products	http://localhost:3000
20220920	22:01:49	30019a9c-e85f-4873-92f7-3e7fcd046e9f	GET	/api/comment/single?productId=6327f79cea82c60023e2e46e	http://localhost:3000
20220920	22:01:49	04288b7e-acf2-4be1-b035-dff65934ed34	GET	/api/comment/single?productId=6327f79cea82c60023e2e46e	http://localhost:3000
20220920	22:01:49	d55cd71b-08b3-42eb-a2d1-edd192925040	GET	/api/products	http://localhost:3000
20220920	22:01:54	ed5b35a5-c609-469d-9b7f-4dd63bc344bc	GET	/api/products?limit=9&page=0	http://localhost:3000
20220920	22:01:55	f472967d-a0e6-4b1f-b5a5-d14b5e53fb96	GET	/api/products?limit=9&page=0	http://localhost:3000
20220920	22:01:57	87b540db-3bb7-4628-9aae-41f4ee96cccf	GET	/api/products?limit=9&page=7	http://localhost:3000
20220920	22:01:59	754dd83f-d71e-4980-b909-ebbc6202c48b	GET	/api/products?limit=9&page=10	http://localhost:3000
20220920	22:02:03	55773775-f92b-418a-b82f-287a926e46d4	GET	/api/products	http://localhost:3000
20220920	22:02:03	e990beec-2469-434f-a377-65d782b11174	GET	/api/comment/single?productId=6329dcb81dd17aed452396ca	http://localhost:3000
20220920	22:02:03	494c2dd7-b723-467f-b601-e26f4e653160	GET	/api/comment/single?productId=6329dcb81dd17aed452396ca	http://localhost:3000
20220920	22:02:03	2a382d6e-3ed4-485c-8990-e51b66d534dc	GET	/api/products	http://localhost:3000
20220920	22:02:12	d0e19c36-e7b7-4dbe-9214-12bc38cf4e45	GET	/api/products?limit=9&page=0	http://localhost:3000
20220920	22:02:12	9808b471-0e61-4a51-81bc-8ba5ca8524a6	GET	/api/products?limit=9&page=0	http://localhost:3000
